{"D:\\code\\reactjs\\usermn1\\src\\domains\\auth\\services\\tokenService.ts": {"path":"D:\\code\\reactjs\\usermn1\\src\\domains\\auth\\services\\tokenService.ts","statementMap":{"0":{"start":{"line":15,"column":19},"end":{"line":15,"column":null}},"1":{"start":{"line":16,"column":26},"end":{"line":16,"column":null}},"2":{"start":{"line":17,"column":34},"end":{"line":17,"column":null}},"3":{"start":{"line":18,"column":25},"end":{"line":18,"column":null}},"4":{"start":{"line":19,"column":25},"end":{"line":19,"column":null}},"5":{"start":{"line":20,"column":31},"end":{"line":20,"column":null}},"6":{"start":{"line":26,"column":28},"end":{"line":31,"column":null}},"7":{"start":{"line":27,"column":19},"end":{"line":29,"column":null}},"8":{"start":{"line":30,"column":2},"end":{"line":30,"column":null}},"9":{"start":{"line":37,"column":28},"end":{"line":40,"column":null}},"10":{"start":{"line":38,"column":19},"end":{"line":38,"column":null}},"11":{"start":{"line":39,"column":2},"end":{"line":39,"column":null}},"12":{"start":{"line":46,"column":33},"end":{"line":49,"column":null}},"13":{"start":{"line":47,"column":19},"end":{"line":47,"column":null}},"14":{"start":{"line":48,"column":2},"end":{"line":48,"column":null}},"15":{"start":{"line":58,"column":27},"end":{"line":64,"column":null}},"16":{"start":{"line":59,"column":20},"end":{"line":59,"column":null}},"17":{"start":{"line":61,"column":2},"end":{"line":61,"column":null}},"18":{"start":{"line":62,"column":2},"end":{"line":62,"column":null}},"19":{"start":{"line":63,"column":2},"end":{"line":63,"column":null}},"20":{"start":{"line":69,"column":30},"end":{"line":71,"column":null}},"21":{"start":{"line":70,"column":2},"end":{"line":70,"column":null}},"22":{"start":{"line":76,"column":31},"end":{"line":78,"column":null}},"23":{"start":{"line":77,"column":2},"end":{"line":77,"column":null}},"24":{"start":{"line":83,"column":30},"end":{"line":88,"column":null}},"25":{"start":{"line":84,"column":21},"end":{"line":84,"column":null}},"26":{"start":{"line":85,"column":2},"end":{"line":85,"column":null}},"27":{"start":{"line":85,"column":19},"end":{"line":85,"column":null}},"28":{"start":{"line":87,"column":2},"end":{"line":87,"column":null}},"29":{"start":{"line":93,"column":27},"end":{"line":99,"column":null}},"30":{"start":{"line":94,"column":2},"end":{"line":94,"column":null}},"31":{"start":{"line":95,"column":2},"end":{"line":95,"column":null}},"32":{"start":{"line":96,"column":2},"end":{"line":96,"column":null}},"33":{"start":{"line":97,"column":2},"end":{"line":97,"column":null}},"34":{"start":{"line":98,"column":2},"end":{"line":98,"column":null}},"35":{"start":{"line":104,"column":25},"end":{"line":106,"column":null}},"36":{"start":{"line":105,"column":2},"end":{"line":105,"column":null}},"37":{"start":{"line":111,"column":23},"end":{"line":120,"column":null}},"38":{"start":{"line":112,"column":15},"end":{"line":112,"column":null}},"39":{"start":{"line":113,"column":2},"end":{"line":113,"column":null}},"40":{"start":{"line":113,"column":13},"end":{"line":113,"column":null}},"41":{"start":{"line":115,"column":2},"end":{"line":119,"column":null}},"42":{"start":{"line":116,"column":4},"end":{"line":116,"column":null}},"43":{"start":{"line":118,"column":4},"end":{"line":118,"column":null}},"44":{"start":{"line":125,"column":30},"end":{"line":127,"column":null}},"45":{"start":{"line":126,"column":2},"end":{"line":126,"column":null}},"46":{"start":{"line":132,"column":34},"end":{"line":134,"column":null}},"47":{"start":{"line":133,"column":2},"end":{"line":133,"column":null}},"48":{"start":{"line":139,"column":26},"end":{"line":141,"column":null}},"49":{"start":{"line":140,"column":2},"end":{"line":140,"column":null}},"50":{"start":{"line":146,"column":31},"end":{"line":148,"column":null}},"51":{"start":{"line":147,"column":2},"end":{"line":147,"column":null}},"52":{"start":{"line":153,"column":34},"end":{"line":159,"column":null}},"53":{"start":{"line":154,"column":21},"end":{"line":154,"column":null}},"54":{"start":{"line":155,"column":2},"end":{"line":155,"column":null}},"55":{"start":{"line":155,"column":19},"end":{"line":155,"column":null}},"56":{"start":{"line":157,"column":24},"end":{"line":157,"column":null}},"57":{"start":{"line":158,"column":2},"end":{"line":158,"column":null}},"58":{"start":{"line":162,"column":21},"end":{"line":178,"column":null}}},"fnMap":{"0":{"name":"(anonymous_0)","decl":{"start":{"line":26,"column":28},"end":{"line":26,"column":35}},"loc":{"start":{"line":26,"column":91},"end":{"line":31,"column":null}},"line":26},"1":{"name":"(anonymous_1)","decl":{"start":{"line":37,"column":28},"end":{"line":37,"column":68}},"loc":{"start":{"line":37,"column":68},"end":{"line":40,"column":null}},"line":37},"2":{"name":"(anonymous_2)","decl":{"start":{"line":46,"column":33},"end":{"line":46,"column":40}},"loc":{"start":{"line":46,"column":101},"end":{"line":49,"column":null}},"line":46},"3":{"name":"(anonymous_3)","decl":{"start":{"line":58,"column":27},"end":{"line":58,"column":28}},"loc":{"start":{"line":58,"column":79},"end":{"line":64,"column":null}},"line":58},"4":{"name":"(anonymous_4)","decl":{"start":{"line":69,"column":30},"end":{"line":69,"column":51}},"loc":{"start":{"line":69,"column":51},"end":{"line":71,"column":null}},"line":69},"5":{"name":"(anonymous_5)","decl":{"start":{"line":76,"column":31},"end":{"line":76,"column":52}},"loc":{"start":{"line":76,"column":52},"end":{"line":78,"column":null}},"line":76},"6":{"name":"(anonymous_6)","decl":{"start":{"line":83,"column":30},"end":{"line":83,"column":45}},"loc":{"start":{"line":83,"column":45},"end":{"line":88,"column":null}},"line":83},"7":{"name":"(anonymous_7)","decl":{"start":{"line":93,"column":27},"end":{"line":93,"column":39}},"loc":{"start":{"line":93,"column":39},"end":{"line":99,"column":null}},"line":93},"8":{"name":"(anonymous_8)","decl":{"start":{"line":104,"column":25},"end":{"line":104,"column":26}},"loc":{"start":{"line":104,"column":50},"end":{"line":106,"column":null}},"line":104},"9":{"name":"(anonymous_9)","decl":{"start":{"line":111,"column":23},"end":{"line":111,"column":45}},"loc":{"start":{"line":111,"column":45},"end":{"line":120,"column":null}},"line":111},"10":{"name":"(anonymous_10)","decl":{"start":{"line":125,"column":30},"end":{"line":125,"column":31}},"loc":{"start":{"line":125,"column":55},"end":{"line":127,"column":null}},"line":125},"11":{"name":"(anonymous_11)","decl":{"start":{"line":132,"column":34},"end":{"line":132,"column":55}},"loc":{"start":{"line":132,"column":55},"end":{"line":134,"column":null}},"line":132},"12":{"name":"(anonymous_12)","decl":{"start":{"line":139,"column":26},"end":{"line":139,"column":38}},"loc":{"start":{"line":139,"column":38},"end":{"line":141,"column":null}},"line":139},"13":{"name":"(anonymous_13)","decl":{"start":{"line":146,"column":31},"end":{"line":146,"column":43}},"loc":{"start":{"line":146,"column":43},"end":{"line":148,"column":null}},"line":146},"14":{"name":"(anonymous_14)","decl":{"start":{"line":153,"column":34},"end":{"line":153,"column":55}},"loc":{"start":{"line":153,"column":55},"end":{"line":159,"column":null}},"line":153}},"branchMap":{"0":{"loc":{"start":{"line":85,"column":2},"end":{"line":85,"column":null}},"type":"if","locations":[{"start":{"line":85,"column":2},"end":{"line":85,"column":null}},{"start":{},"end":{}}],"line":85},"1":{"loc":{"start":{"line":113,"column":2},"end":{"line":113,"column":null}},"type":"if","locations":[{"start":{"line":113,"column":2},"end":{"line":113,"column":null}},{"start":{},"end":{}}],"line":113},"2":{"loc":{"start":{"line":155,"column":2},"end":{"line":155,"column":null}},"type":"if","locations":[{"start":{"line":155,"column":2},"end":{"line":155,"column":null}},{"start":{},"end":{}}],"line":155}},"s":{"0":2,"1":2,"2":2,"3":2,"4":2,"5":2,"6":2,"7":2,"8":1,"9":2,"10":2,"11":1,"12":2,"13":3,"14":2,"15":2,"16":5,"17":5,"18":5,"19":5,"20":2,"21":6,"22":2,"23":4,"24":2,"25":22,"26":22,"27":4,"28":18,"29":2,"30":5,"31":5,"32":5,"33":5,"34":5,"35":2,"36":5,"37":2,"38":6,"39":6,"40":2,"41":4,"42":4,"43":2,"44":2,"45":4,"46":2,"47":4,"48":2,"49":2,"50":2,"51":2,"52":2,"53":8,"54":8,"55":2,"56":6,"57":6,"58":2},"f":{"0":2,"1":2,"2":3,"3":5,"4":6,"5":4,"6":22,"7":5,"8":5,"9":6,"10":4,"11":4,"12":2,"13":2,"14":8},"b":{"0":[4,18],"1":[2,4],"2":[2,6]},"meta":{"lastBranch":3,"lastFunction":15,"lastStatement":59,"seen":{"s:15:19:15:Infinity":0,"s:16:26:16:Infinity":1,"s:17:34:17:Infinity":2,"s:18:25:18:Infinity":3,"s:19:25:19:Infinity":4,"s:20:31:20:Infinity":5,"s:26:28:31:Infinity":6,"f:26:28:26:35":0,"s:27:19:29:Infinity":7,"s:30:2:30:Infinity":8,"s:37:28:40:Infinity":9,"f:37:28:37:68":1,"s:38:19:38:Infinity":10,"s:39:2:39:Infinity":11,"s:46:33:49:Infinity":12,"f:46:33:46:40":2,"s:47:19:47:Infinity":13,"s:48:2:48:Infinity":14,"s:58:27:64:Infinity":15,"f:58:27:58:28":3,"s:59:20:59:Infinity":16,"s:61:2:61:Infinity":17,"s:62:2:62:Infinity":18,"s:63:2:63:Infinity":19,"s:69:30:71:Infinity":20,"f:69:30:69:51":4,"s:70:2:70:Infinity":21,"s:76:31:78:Infinity":22,"f:76:31:76:52":5,"s:77:2:77:Infinity":23,"s:83:30:88:Infinity":24,"f:83:30:83:45":6,"s:84:21:84:Infinity":25,"b:85:2:85:Infinity:undefined:undefined:undefined:undefined":0,"s:85:2:85:Infinity":26,"s:85:19:85:Infinity":27,"s:87:2:87:Infinity":28,"s:93:27:99:Infinity":29,"f:93:27:93:39":7,"s:94:2:94:Infinity":30,"s:95:2:95:Infinity":31,"s:96:2:96:Infinity":32,"s:97:2:97:Infinity":33,"s:98:2:98:Infinity":34,"s:104:25:106:Infinity":35,"f:104:25:104:26":8,"s:105:2:105:Infinity":36,"s:111:23:120:Infinity":37,"f:111:23:111:45":9,"s:112:15:112:Infinity":38,"b:113:2:113:Infinity:undefined:undefined:undefined:undefined":1,"s:113:2:113:Infinity":39,"s:113:13:113:Infinity":40,"s:115:2:119:Infinity":41,"s:116:4:116:Infinity":42,"s:118:4:118:Infinity":43,"s:125:30:127:Infinity":44,"f:125:30:125:31":10,"s:126:2:126:Infinity":45,"s:132:34:134:Infinity":46,"f:132:34:132:55":11,"s:133:2:133:Infinity":47,"s:139:26:141:Infinity":48,"f:139:26:139:38":12,"s:140:2:140:Infinity":49,"s:146:31:148:Infinity":50,"f:146:31:146:43":13,"s:147:2:147:Infinity":51,"s:153:34:159:Infinity":52,"f:153:34:153:55":14,"s:154:21:154:Infinity":53,"b:155:2:155:Infinity:undefined:undefined:undefined:undefined":2,"s:155:2:155:Infinity":54,"s:155:19:155:Infinity":55,"s:157:24:157:Infinity":56,"s:158:2:158:Infinity":57,"s:162:21:178:Infinity":58}}}
,"D:\\code\\reactjs\\usermn1\\src\\domains\\auth\\utils\\errorMessages.ts": {"path":"D:\\code\\reactjs\\usermn1\\src\\domains\\auth\\utils\\errorMessages.ts","statementMap":{"0":{"start":{"line":9,"column":59},"end":{"line":65,"column":null}},"1":{"start":{"line":70,"column":59},"end":{"line":83,"column":null}},"2":{"start":{"line":99,"column":2},"end":{"line":101,"column":null}},"3":{"start":{"line":100,"column":4},"end":{"line":100,"column":null}},"4":{"start":{"line":104,"column":2},"end":{"line":106,"column":null}},"5":{"start":{"line":105,"column":4},"end":{"line":105,"column":null}},"6":{"start":{"line":109,"column":2},"end":{"line":111,"column":null}},"7":{"start":{"line":110,"column":4},"end":{"line":110,"column":null}},"8":{"start":{"line":114,"column":2},"end":{"line":147,"column":null}},"9":{"start":{"line":115,"column":16},"end":{"line":115,"column":null}},"10":{"start":{"line":124,"column":4},"end":{"line":126,"column":null}},"11":{"start":{"line":125,"column":6},"end":{"line":125,"column":null}},"12":{"start":{"line":129,"column":4},"end":{"line":131,"column":null}},"13":{"start":{"line":130,"column":6},"end":{"line":130,"column":null}},"14":{"start":{"line":134,"column":4},"end":{"line":136,"column":null}},"15":{"start":{"line":135,"column":6},"end":{"line":135,"column":null}},"16":{"start":{"line":139,"column":4},"end":{"line":141,"column":null}},"17":{"start":{"line":140,"column":6},"end":{"line":140,"column":null}},"18":{"start":{"line":144,"column":4},"end":{"line":146,"column":null}},"19":{"start":{"line":145,"column":6},"end":{"line":145,"column":null}},"20":{"start":{"line":149,"column":2},"end":{"line":149,"column":null}},"21":{"start":{"line":171,"column":29},"end":{"line":171,"column":null}},"22":{"start":{"line":173,"column":2},"end":{"line":186,"column":null}},"23":{"start":{"line":174,"column":22},"end":{"line":179,"column":null}},"24":{"start":{"line":179,"column":27},"end":{"line":179,"column":42}},"25":{"start":{"line":181,"column":4},"end":{"line":185,"column":null}},"26":{"start":{"line":182,"column":6},"end":{"line":182,"column":null}},"27":{"start":{"line":182,"column":27},"end":{"line":182,"column":64}},"28":{"start":{"line":184,"column":6},"end":{"line":184,"column":null}},"29":{"start":{"line":188,"column":2},"end":{"line":188,"column":null}},"30":{"start":{"line":198,"column":2},"end":{"line":207,"column":null}},"31":{"start":{"line":199,"column":16},"end":{"line":199,"column":null}},"32":{"start":{"line":200,"column":4},"end":{"line":205,"column":null}},"33":{"start":{"line":208,"column":2},"end":{"line":208,"column":null}},"34":{"start":{"line":218,"column":2},"end":{"line":228,"column":null}},"35":{"start":{"line":219,"column":16},"end":{"line":219,"column":null}},"36":{"start":{"line":220,"column":4},"end":{"line":226,"column":null}},"37":{"start":{"line":229,"column":2},"end":{"line":229,"column":null}},"38":{"start":{"line":241,"column":2},"end":{"line":266,"column":null}},"39":{"start":{"line":242,"column":16},"end":{"line":242,"column":null}},"40":{"start":{"line":245,"column":4},"end":{"line":251,"column":null}},"41":{"start":{"line":250,"column":6},"end":{"line":250,"column":null}},"42":{"start":{"line":254,"column":4},"end":{"line":260,"column":null}},"43":{"start":{"line":259,"column":6},"end":{"line":259,"column":null}},"44":{"start":{"line":263,"column":4},"end":{"line":265,"column":null}},"45":{"start":{"line":264,"column":6},"end":{"line":264,"column":null}},"46":{"start":{"line":268,"column":2},"end":{"line":268,"column":null}}},"fnMap":{"0":{"name":"formatErrorMessage","decl":{"start":{"line":97,"column":16},"end":{"line":97,"column":35}},"loc":{"start":{"line":97,"column":59},"end":{"line":150,"column":null}},"line":97},"1":{"name":"formatValidationErrors","decl":{"start":{"line":168,"column":16},"end":{"line":168,"column":null}},"loc":{"start":{"line":170,"column":12},"end":{"line":189,"column":null}},"line":170},"2":{"name":"(anonymous_2)","decl":{"start":{"line":179,"column":22},"end":{"line":179,"column":27}},"loc":{"start":{"line":179,"column":27},"end":{"line":179,"column":42}},"line":179},"3":{"name":"(anonymous_3)","decl":{"start":{"line":182,"column":20},"end":{"line":182,"column":27}},"loc":{"start":{"line":182,"column":27},"end":{"line":182,"column":64}},"line":182},"4":{"name":"isNetworkError","decl":{"start":{"line":197,"column":16},"end":{"line":197,"column":31}},"loc":{"start":{"line":197,"column":56},"end":{"line":209,"column":null}},"line":197},"5":{"name":"isAuthError","decl":{"start":{"line":217,"column":16},"end":{"line":217,"column":28}},"loc":{"start":{"line":217,"column":53},"end":{"line":230,"column":null}},"line":217},"6":{"name":"getErrorSeverity","decl":{"start":{"line":238,"column":16},"end":{"line":238,"column":null}},"loc":{"start":{"line":240,"column":32},"end":{"line":269,"column":null}},"line":240}},"branchMap":{"0":{"loc":{"start":{"line":99,"column":2},"end":{"line":101,"column":null}},"type":"if","locations":[{"start":{"line":99,"column":2},"end":{"line":101,"column":null}},{"start":{},"end":{}}],"line":99},"1":{"loc":{"start":{"line":104,"column":2},"end":{"line":106,"column":null}},"type":"if","locations":[{"start":{"line":104,"column":2},"end":{"line":106,"column":null}},{"start":{},"end":{}}],"line":104},"2":{"loc":{"start":{"line":109,"column":2},"end":{"line":111,"column":null}},"type":"if","locations":[{"start":{"line":109,"column":2},"end":{"line":111,"column":null}},{"start":{},"end":{}}],"line":109},"3":{"loc":{"start":{"line":110,"column":11},"end":{"line":110,"column":null}},"type":"binary-expr","locations":[{"start":{"line":110,"column":11},"end":{"line":110,"column":28}},{"start":{"line":110,"column":28},"end":{"line":110,"column":null}}],"line":110},"4":{"loc":{"start":{"line":114,"column":2},"end":{"line":147,"column":null}},"type":"if","locations":[{"start":{"line":114,"column":2},"end":{"line":147,"column":null}},{"start":{},"end":{}}],"line":114},"5":{"loc":{"start":{"line":124,"column":4},"end":{"line":126,"column":null}},"type":"if","locations":[{"start":{"line":124,"column":4},"end":{"line":126,"column":null}},{"start":{},"end":{}}],"line":124},"6":{"loc":{"start":{"line":124,"column":8},"end":{"line":124,"column":51}},"type":"binary-expr","locations":[{"start":{"line":124,"column":8},"end":{"line":124,"column":20}},{"start":{"line":124,"column":20},"end":{"line":124,"column":51}}],"line":124},"7":{"loc":{"start":{"line":129,"column":4},"end":{"line":131,"column":null}},"type":"if","locations":[{"start":{"line":129,"column":4},"end":{"line":131,"column":null}},{"start":{},"end":{}}],"line":129},"8":{"loc":{"start":{"line":129,"column":8},"end":{"line":129,"column":54}},"type":"binary-expr","locations":[{"start":{"line":129,"column":8},"end":{"line":129,"column":22}},{"start":{"line":129,"column":22},"end":{"line":129,"column":54}}],"line":129},"9":{"loc":{"start":{"line":134,"column":4},"end":{"line":136,"column":null}},"type":"if","locations":[{"start":{"line":134,"column":4},"end":{"line":136,"column":null}},{"start":{},"end":{}}],"line":134},"10":{"loc":{"start":{"line":139,"column":4},"end":{"line":141,"column":null}},"type":"if","locations":[{"start":{"line":139,"column":4},"end":{"line":141,"column":null}},{"start":{},"end":{}}],"line":139},"11":{"loc":{"start":{"line":139,"column":8},"end":{"line":139,"column":52}},"type":"binary-expr","locations":[{"start":{"line":139,"column":8},"end":{"line":139,"column":21}},{"start":{"line":139,"column":21},"end":{"line":139,"column":52}}],"line":139},"12":{"loc":{"start":{"line":144,"column":4},"end":{"line":146,"column":null}},"type":"if","locations":[{"start":{"line":144,"column":4},"end":{"line":146,"column":null}},{"start":{},"end":{}}],"line":144},"13":{"loc":{"start":{"line":144,"column":8},"end":{"line":144,"column":55}},"type":"binary-expr","locations":[{"start":{"line":144,"column":8},"end":{"line":144,"column":22}},{"start":{"line":144,"column":22},"end":{"line":144,"column":55}}],"line":144},"14":{"loc":{"start":{"line":181,"column":4},"end":{"line":185,"column":null}},"type":"if","locations":[{"start":{"line":181,"column":4},"end":{"line":185,"column":null}},{"start":{"line":183,"column":11},"end":{"line":185,"column":null}}],"line":181},"15":{"loc":{"start":{"line":198,"column":2},"end":{"line":207,"column":null}},"type":"if","locations":[{"start":{"line":198,"column":2},"end":{"line":207,"column":null}},{"start":{},"end":{}}],"line":198},"16":{"loc":{"start":{"line":198,"column":6},"end":{"line":198,"column":51}},"type":"binary-expr","locations":[{"start":{"line":198,"column":6},"end":{"line":198,"column":35}},{"start":{"line":198,"column":35},"end":{"line":198,"column":51}}],"line":198},"17":{"loc":{"start":{"line":201,"column":6},"end":{"line":205,"column":null}},"type":"binary-expr","locations":[{"start":{"line":201,"column":6},"end":{"line":201,"column":null}},{"start":{"line":202,"column":6},"end":{"line":202,"column":null}},{"start":{"line":203,"column":6},"end":{"line":203,"column":null}},{"start":{"line":204,"column":6},"end":{"line":204,"column":null}},{"start":{"line":205,"column":6},"end":{"line":205,"column":null}}],"line":201},"18":{"loc":{"start":{"line":218,"column":2},"end":{"line":228,"column":null}},"type":"if","locations":[{"start":{"line":218,"column":2},"end":{"line":228,"column":null}},{"start":{},"end":{}}],"line":218},"19":{"loc":{"start":{"line":218,"column":6},"end":{"line":218,"column":51}},"type":"binary-expr","locations":[{"start":{"line":218,"column":6},"end":{"line":218,"column":35}},{"start":{"line":218,"column":35},"end":{"line":218,"column":51}}],"line":218},"20":{"loc":{"start":{"line":221,"column":6},"end":{"line":226,"column":null}},"type":"binary-expr","locations":[{"start":{"line":221,"column":6},"end":{"line":221,"column":null}},{"start":{"line":222,"column":6},"end":{"line":222,"column":null}},{"start":{"line":223,"column":6},"end":{"line":223,"column":null}},{"start":{"line":224,"column":6},"end":{"line":224,"column":null}},{"start":{"line":225,"column":6},"end":{"line":225,"column":null}},{"start":{"line":226,"column":6},"end":{"line":226,"column":null}}],"line":221},"21":{"loc":{"start":{"line":241,"column":2},"end":{"line":266,"column":null}},"type":"if","locations":[{"start":{"line":241,"column":2},"end":{"line":266,"column":null}},{"start":{},"end":{}}],"line":241},"22":{"loc":{"start":{"line":241,"column":6},"end":{"line":241,"column":51}},"type":"binary-expr","locations":[{"start":{"line":241,"column":6},"end":{"line":241,"column":35}},{"start":{"line":241,"column":35},"end":{"line":241,"column":51}}],"line":241},"23":{"loc":{"start":{"line":245,"column":4},"end":{"line":251,"column":null}},"type":"if","locations":[{"start":{"line":245,"column":4},"end":{"line":251,"column":null}},{"start":{},"end":{}}],"line":245},"24":{"loc":{"start":{"line":246,"column":6},"end":{"line":248,"column":null}},"type":"binary-expr","locations":[{"start":{"line":246,"column":6},"end":{"line":246,"column":null}},{"start":{"line":247,"column":6},"end":{"line":247,"column":null}},{"start":{"line":248,"column":6},"end":{"line":248,"column":null}}],"line":246},"25":{"loc":{"start":{"line":254,"column":4},"end":{"line":260,"column":null}},"type":"if","locations":[{"start":{"line":254,"column":4},"end":{"line":260,"column":null}},{"start":{},"end":{}}],"line":254},"26":{"loc":{"start":{"line":255,"column":6},"end":{"line":257,"column":null}},"type":"binary-expr","locations":[{"start":{"line":255,"column":6},"end":{"line":255,"column":null}},{"start":{"line":256,"column":6},"end":{"line":256,"column":null}},{"start":{"line":257,"column":6},"end":{"line":257,"column":null}}],"line":255},"27":{"loc":{"start":{"line":263,"column":4},"end":{"line":265,"column":null}},"type":"if","locations":[{"start":{"line":263,"column":4},"end":{"line":265,"column":null}},{"start":{},"end":{}}],"line":263}},"s":{"0":1,"1":1,"2":35,"3":3,"4":32,"5":1,"6":31,"7":2,"8":29,"9":29,"10":29,"11":9,"12":20,"13":1,"14":19,"15":3,"16":16,"17":1,"18":15,"19":10,"20":5,"21":8,"22":8,"23":16,"24":16,"25":16,"26":2,"27":5,"28":14,"29":8,"30":10,"31":7,"32":7,"33":3,"34":24,"35":21,"36":21,"37":3,"38":21,"39":18,"40":18,"41":4,"42":14,"43":4,"44":10,"45":5,"46":8},"f":{"0":35,"1":8,"2":16,"3":5,"4":10,"5":24,"6":21},"b":{"0":[3,32],"1":[1,31],"2":[2,29],"3":[2,1],"4":[29,0],"5":[9,20],"6":[29,12],"7":[1,19],"8":[20,2],"9":[3,16],"10":[1,15],"11":[16,2],"12":[10,5],"13":[15,11],"14":[2,14],"15":[7,3],"16":[10,8],"17":[7,6,5,4,2],"18":[21,3],"19":[24,22],"20":[21,18,16,14,12,10],"21":[18,3],"22":[21,19],"23":[4,14],"24":[18,16,15],"25":[4,10],"26":[14,13,11],"27":[5,5]},"meta":{"lastBranch":28,"lastFunction":7,"lastStatement":47,"seen":{"s:9:59:65:Infinity":0,"s:70:59:83:Infinity":1,"f:97:16:97:35":0,"b:99:2:101:Infinity:undefined:undefined:undefined:undefined":0,"s:99:2:101:Infinity":2,"s:100:4:100:Infinity":3,"b:104:2:106:Infinity:undefined:undefined:undefined:undefined":1,"s:104:2:106:Infinity":4,"s:105:4:105:Infinity":5,"b:109:2:111:Infinity:undefined:undefined:undefined:undefined":2,"s:109:2:111:Infinity":6,"s:110:4:110:Infinity":7,"b:110:11:110:28:110:28:110:Infinity":3,"b:114:2:147:Infinity:undefined:undefined:undefined:undefined":4,"s:114:2:147:Infinity":8,"s:115:16:115:Infinity":9,"b:124:4:126:Infinity:undefined:undefined:undefined:undefined":5,"s:124:4:126:Infinity":10,"b:124:8:124:20:124:20:124:51":6,"s:125:6:125:Infinity":11,"b:129:4:131:Infinity:undefined:undefined:undefined:undefined":7,"s:129:4:131:Infinity":12,"b:129:8:129:22:129:22:129:54":8,"s:130:6:130:Infinity":13,"b:134:4:136:Infinity:undefined:undefined:undefined:undefined":9,"s:134:4:136:Infinity":14,"s:135:6:135:Infinity":15,"b:139:4:141:Infinity:undefined:undefined:undefined:undefined":10,"s:139:4:141:Infinity":16,"b:139:8:139:21:139:21:139:52":11,"s:140:6:140:Infinity":17,"b:144:4:146:Infinity:undefined:undefined:undefined:undefined":12,"s:144:4:146:Infinity":18,"b:144:8:144:22:144:22:144:55":13,"s:145:6:145:Infinity":19,"s:149:2:149:Infinity":20,"f:168:16:168:Infinity":1,"s:171:29:171:Infinity":21,"s:173:2:186:Infinity":22,"s:174:22:179:Infinity":23,"f:179:22:179:27":2,"s:179:27:179:42":24,"b:181:4:185:Infinity:183:11:185:Infinity":14,"s:181:4:185:Infinity":25,"s:182:6:182:Infinity":26,"f:182:20:182:27":3,"s:182:27:182:64":27,"s:184:6:184:Infinity":28,"s:188:2:188:Infinity":29,"f:197:16:197:31":4,"b:198:2:207:Infinity:undefined:undefined:undefined:undefined":15,"s:198:2:207:Infinity":30,"b:198:6:198:35:198:35:198:51":16,"s:199:16:199:Infinity":31,"s:200:4:205:Infinity":32,"b:201:6:201:Infinity:202:6:202:Infinity:203:6:203:Infinity:204:6:204:Infinity:205:6:205:Infinity":17,"s:208:2:208:Infinity":33,"f:217:16:217:28":5,"b:218:2:228:Infinity:undefined:undefined:undefined:undefined":18,"s:218:2:228:Infinity":34,"b:218:6:218:35:218:35:218:51":19,"s:219:16:219:Infinity":35,"s:220:4:226:Infinity":36,"b:221:6:221:Infinity:222:6:222:Infinity:223:6:223:Infinity:224:6:224:Infinity:225:6:225:Infinity:226:6:226:Infinity":20,"s:229:2:229:Infinity":37,"f:238:16:238:Infinity":6,"b:241:2:266:Infinity:undefined:undefined:undefined:undefined":21,"s:241:2:266:Infinity":38,"b:241:6:241:35:241:35:241:51":22,"s:242:16:242:Infinity":39,"b:245:4:251:Infinity:undefined:undefined:undefined:undefined":23,"s:245:4:251:Infinity":40,"b:246:6:246:Infinity:247:6:247:Infinity:248:6:248:Infinity":24,"s:250:6:250:Infinity":41,"b:254:4:260:Infinity:undefined:undefined:undefined:undefined":25,"s:254:4:260:Infinity":42,"b:255:6:255:Infinity:256:6:256:Infinity:257:6:257:Infinity":26,"s:259:6:259:Infinity":43,"b:263:4:265:Infinity:undefined:undefined:undefined:undefined":27,"s:263:4:265:Infinity":44,"s:264:6:264:Infinity":45,"s:268:2:268:Infinity":46}}}
,"D:\\code\\reactjs\\usermn1\\src\\domains\\auth\\utils\\sessionUtils.ts": {"path":"D:\\code\\reactjs\\usermn1\\src\\domains\\auth\\utils\\sessionUtils.ts","statementMap":{"0":{"start":{"line":11,"column":28},"end":{"line":19,"column":null}},"1":{"start":{"line":24,"column":31},"end":{"line":28,"column":null}},"2":{"start":{"line":35,"column":2},"end":{"line":35,"column":null}},"3":{"start":{"line":44,"column":20},"end":{"line":44,"column":null}},"4":{"start":{"line":45,"column":2},"end":{"line":45,"column":null}},"5":{"start":{"line":63,"column":23},"end":{"line":63,"column":null}},"6":{"start":{"line":65,"column":2},"end":{"line":67,"column":null}},"7":{"start":{"line":66,"column":4},"end":{"line":66,"column":null}},"8":{"start":{"line":69,"column":14},"end":{"line":69,"column":null}},"9":{"start":{"line":70,"column":28},"end":{"line":70,"column":null}},"10":{"start":{"line":72,"column":2},"end":{"line":72,"column":null}},"11":{"start":{"line":81,"column":21},"end":{"line":81,"column":null}},"12":{"start":{"line":82,"column":2},"end":{"line":82,"column":null}},"13":{"start":{"line":91,"column":2},"end":{"line":95,"column":null}},"14":{"start":{"line":92,"column":4},"end":{"line":92,"column":null}},"15":{"start":{"line":94,"column":4},"end":{"line":94,"column":null}},"16":{"start":{"line":103,"column":15},"end":{"line":103,"column":null}},"17":{"start":{"line":104,"column":2},"end":{"line":104,"column":null}},"18":{"start":{"line":104,"column":22},"end":{"line":104,"column":50}},"19":{"start":{"line":113,"column":2},"end":{"line":115,"column":null}},"20":{"start":{"line":125,"column":2},"end":{"line":125,"column":null}},"21":{"start":{"line":134,"column":20},"end":{"line":134,"column":null}},"22":{"start":{"line":136,"column":2},"end":{"line":138,"column":null}},"23":{"start":{"line":137,"column":4},"end":{"line":137,"column":null}},"24":{"start":{"line":140,"column":25},"end":{"line":140,"column":null}},"25":{"start":{"line":141,"column":14},"end":{"line":141,"column":null}},"26":{"start":{"line":142,"column":20},"end":{"line":142,"column":null}},"27":{"start":{"line":144,"column":2},"end":{"line":144,"column":null}},"28":{"start":{"line":160,"column":2},"end":{"line":162,"column":null}},"29":{"start":{"line":161,"column":4},"end":{"line":161,"column":null}},"30":{"start":{"line":164,"column":18},"end":{"line":164,"column":null}},"31":{"start":{"line":165,"column":18},"end":{"line":165,"column":null}},"32":{"start":{"line":166,"column":16},"end":{"line":166,"column":null}},"33":{"start":{"line":167,"column":15},"end":{"line":167,"column":null}},"34":{"start":{"line":169,"column":2},"end":{"line":177,"column":null}},"35":{"start":{"line":170,"column":4},"end":{"line":170,"column":null}},"36":{"start":{"line":171,"column":2},"end":{"line":177,"column":null}},"37":{"start":{"line":172,"column":4},"end":{"line":172,"column":null}},"38":{"start":{"line":173,"column":2},"end":{"line":177,"column":null}},"39":{"start":{"line":174,"column":4},"end":{"line":174,"column":null}},"40":{"start":{"line":176,"column":4},"end":{"line":176,"column":null}},"41":{"start":{"line":194,"column":25},"end":{"line":194,"column":null}},"42":{"start":{"line":194,"column":31},"end":{"line":194,"column":null}},"43":{"start":{"line":197,"column":17},"end":{"line":197,"column":null}},"44":{"start":{"line":199,"column":2},"end":{"line":201,"column":null}},"45":{"start":{"line":200,"column":4},"end":{"line":200,"column":null}},"46":{"start":{"line":204,"column":2},"end":{"line":204,"column":null}},"47":{"start":{"line":207,"column":2},"end":{"line":211,"column":null}},"48":{"start":{"line":208,"column":4},"end":{"line":210,"column":null}},"49":{"start":{"line":209,"column":6},"end":{"line":209,"column":null}},"50":{"start":{"line":234,"column":27},"end":{"line":234,"column":null}},"51":{"start":{"line":235,"column":20},"end":{"line":235,"column":null}},"52":{"start":{"line":236,"column":15},"end":{"line":236,"column":null}},"53":{"start":{"line":239,"column":22},"end":{"line":239,"column":null}},"54":{"start":{"line":240,"column":23},"end":{"line":240,"column":null}},"55":{"start":{"line":242,"column":2},"end":{"line":244,"column":null}},"56":{"start":{"line":243,"column":4},"end":{"line":243,"column":null}},"57":{"start":{"line":246,"column":2},"end":{"line":248,"column":null}},"58":{"start":{"line":247,"column":4},"end":{"line":247,"column":null}},"59":{"start":{"line":251,"column":2},"end":{"line":253,"column":null}},"60":{"start":{"line":252,"column":4},"end":{"line":252,"column":null}},"61":{"start":{"line":256,"column":2},"end":{"line":258,"column":null}},"62":{"start":{"line":257,"column":4},"end":{"line":257,"column":null}},"63":{"start":{"line":261,"column":15},"end":{"line":261,"column":null}},"64":{"start":{"line":262,"column":2},"end":{"line":264,"column":null}},"65":{"start":{"line":263,"column":4},"end":{"line":263,"column":null}},"66":{"start":{"line":266,"column":2},"end":{"line":271,"column":null}},"67":{"start":{"line":282,"column":16},"end":{"line":282,"column":null}},"68":{"start":{"line":284,"column":2},"end":{"line":287,"column":null}},"69":{"start":{"line":285,"column":4},"end":{"line":285,"column":null}},"70":{"start":{"line":286,"column":4},"end":{"line":286,"column":null}}},"fnMap":{"0":{"name":"updateLastActivity","decl":{"start":{"line":34,"column":16},"end":{"line":34,"column":43}},"loc":{"start":{"line":34,"column":43},"end":{"line":36,"column":null}},"line":34},"1":{"name":"getLastActivity","decl":{"start":{"line":43,"column":16},"end":{"line":43,"column":49}},"loc":{"start":{"line":43,"column":49},"end":{"line":46,"column":null}},"line":43},"2":{"name":"isSessionIdle","decl":{"start":{"line":62,"column":16},"end":{"line":62,"column":30}},"loc":{"start":{"line":62,"column":81},"end":{"line":73,"column":null}},"line":62},"3":{"name":"isRememberMeEnabled","decl":{"start":{"line":80,"column":16},"end":{"line":80,"column":47}},"loc":{"start":{"line":80,"column":47},"end":{"line":83,"column":null}},"line":80},"4":{"name":"setRememberMe","decl":{"start":{"line":90,"column":16},"end":{"line":90,"column":30}},"loc":{"start":{"line":90,"column":54},"end":{"line":96,"column":null}},"line":90},"5":{"name":"clearSession","decl":{"start":{"line":102,"column":16},"end":{"line":102,"column":37}},"loc":{"start":{"line":102,"column":37},"end":{"line":105,"column":null}},"line":102},"6":{"name":"(anonymous_6)","decl":{"start":{"line":104,"column":15},"end":{"line":104,"column":22}},"loc":{"start":{"line":104,"column":22},"end":{"line":104,"column":50}},"line":104},"7":{"name":"getSessionTimeout","decl":{"start":{"line":112,"column":16},"end":{"line":112,"column":44}},"loc":{"start":{"line":112,"column":44},"end":{"line":116,"column":null}},"line":112},"8":{"name":"isSessionExpired","decl":{"start":{"line":124,"column":16},"end":{"line":124,"column":44}},"loc":{"start":{"line":124,"column":44},"end":{"line":126,"column":null}},"line":124},"9":{"name":"getSessionTimeRemaining","decl":{"start":{"line":133,"column":16},"end":{"line":133,"column":50}},"loc":{"start":{"line":133,"column":50},"end":{"line":145,"column":null}},"line":133},"10":{"name":"formatTimeRemaining","decl":{"start":{"line":159,"column":16},"end":{"line":159,"column":36}},"loc":{"start":{"line":159,"column":66},"end":{"line":178,"column":null}},"line":159},"11":{"name":"initActivityTracking","decl":{"start":{"line":193,"column":16},"end":{"line":193,"column":51}},"loc":{"start":{"line":193,"column":51},"end":{"line":212,"column":null}},"line":193},"12":{"name":"(anonymous_12)","decl":{"start":{"line":194,"column":25},"end":{"line":194,"column":31}},"loc":{"start":{"line":194,"column":31},"end":{"line":194,"column":null}},"line":194},"13":{"name":"(anonymous_13)","decl":{"start":{"line":199,"column":17},"end":{"line":199,"column":26}},"loc":{"start":{"line":199,"column":26},"end":{"line":201,"column":3}},"line":199},"14":{"name":"(anonymous_14)","decl":{"start":{"line":207,"column":9},"end":{"line":207,"column":15}},"loc":{"start":{"line":207,"column":15},"end":{"line":211,"column":null}},"line":207},"15":{"name":"(anonymous_15)","decl":{"start":{"line":208,"column":19},"end":{"line":208,"column":28}},"loc":{"start":{"line":208,"column":28},"end":{"line":210,"column":5}},"line":208},"16":{"name":"checkSessionHealth","decl":{"start":{"line":228,"column":16},"end":{"line":228,"column":null}},"loc":{"start":{"line":233,"column":2},"end":{"line":272,"column":null}},"line":233},"17":{"name":"migrateSessionKey","decl":{"start":{"line":281,"column":16},"end":{"line":281,"column":34}},"loc":{"start":{"line":281,"column":72},"end":{"line":288,"column":null}},"line":281}},"branchMap":{"0":{"loc":{"start":{"line":45,"column":9},"end":{"line":45,"column":null}},"type":"cond-expr","locations":[{"start":{"line":45,"column":21},"end":{"line":45,"column":47}},{"start":{"line":45,"column":47},"end":{"line":45,"column":null}}],"line":45},"1":{"loc":{"start":{"line":62,"column":30},"end":{"line":62,"column":81}},"type":"default-arg","locations":[{"start":{"line":62,"column":50},"end":{"line":62,"column":81}}],"line":62},"2":{"loc":{"start":{"line":65,"column":2},"end":{"line":67,"column":null}},"type":"if","locations":[{"start":{"line":65,"column":2},"end":{"line":67,"column":null}},{"start":{},"end":{}}],"line":65},"3":{"loc":{"start":{"line":91,"column":2},"end":{"line":95,"column":null}},"type":"if","locations":[{"start":{"line":91,"column":2},"end":{"line":95,"column":null}},{"start":{"line":93,"column":9},"end":{"line":95,"column":null}}],"line":91},"4":{"loc":{"start":{"line":113,"column":9},"end":{"line":115,"column":null}},"type":"cond-expr","locations":[{"start":{"line":114,"column":6},"end":{"line":114,"column":null}},{"start":{"line":115,"column":6},"end":{"line":115,"column":null}}],"line":113},"5":{"loc":{"start":{"line":136,"column":2},"end":{"line":138,"column":null}},"type":"if","locations":[{"start":{"line":136,"column":2},"end":{"line":138,"column":null}},{"start":{},"end":{}}],"line":136},"6":{"loc":{"start":{"line":160,"column":2},"end":{"line":162,"column":null}},"type":"if","locations":[{"start":{"line":160,"column":2},"end":{"line":162,"column":null}},{"start":{},"end":{}}],"line":160},"7":{"loc":{"start":{"line":169,"column":2},"end":{"line":177,"column":null}},"type":"if","locations":[{"start":{"line":169,"column":2},"end":{"line":177,"column":null}},{"start":{"line":171,"column":2},"end":{"line":177,"column":null}}],"line":169},"8":{"loc":{"start":{"line":170,"column":25},"end":{"line":170,"column":44}},"type":"cond-expr","locations":[{"start":{"line":170,"column":36},"end":{"line":170,"column":42}},{"start":{"line":170,"column":42},"end":{"line":170,"column":44}}],"line":170},"9":{"loc":{"start":{"line":171,"column":2},"end":{"line":177,"column":null}},"type":"if","locations":[{"start":{"line":171,"column":2},"end":{"line":177,"column":null}},{"start":{"line":173,"column":2},"end":{"line":177,"column":null}}],"line":171},"10":{"loc":{"start":{"line":172,"column":27},"end":{"line":172,"column":47}},"type":"cond-expr","locations":[{"start":{"line":172,"column":39},"end":{"line":172,"column":45}},{"start":{"line":172,"column":45},"end":{"line":172,"column":47}}],"line":172},"11":{"loc":{"start":{"line":173,"column":2},"end":{"line":177,"column":null}},"type":"if","locations":[{"start":{"line":173,"column":2},"end":{"line":177,"column":null}},{"start":{"line":175,"column":9},"end":{"line":177,"column":null}}],"line":173},"12":{"loc":{"start":{"line":174,"column":31},"end":{"line":174,"column":53}},"type":"cond-expr","locations":[{"start":{"line":174,"column":45},"end":{"line":174,"column":51}},{"start":{"line":174,"column":51},"end":{"line":174,"column":53}}],"line":174},"13":{"loc":{"start":{"line":176,"column":31},"end":{"line":176,"column":55}},"type":"cond-expr","locations":[{"start":{"line":176,"column":47},"end":{"line":176,"column":53}},{"start":{"line":176,"column":53},"end":{"line":176,"column":55}}],"line":176},"14":{"loc":{"start":{"line":242,"column":2},"end":{"line":244,"column":null}},"type":"if","locations":[{"start":{"line":242,"column":2},"end":{"line":244,"column":null}},{"start":{},"end":{}}],"line":242},"15":{"loc":{"start":{"line":246,"column":2},"end":{"line":248,"column":null}},"type":"if","locations":[{"start":{"line":246,"column":2},"end":{"line":248,"column":null}},{"start":{},"end":{}}],"line":246},"16":{"loc":{"start":{"line":251,"column":2},"end":{"line":253,"column":null}},"type":"if","locations":[{"start":{"line":251,"column":2},"end":{"line":253,"column":null}},{"start":{},"end":{}}],"line":251},"17":{"loc":{"start":{"line":256,"column":2},"end":{"line":258,"column":null}},"type":"if","locations":[{"start":{"line":256,"column":2},"end":{"line":258,"column":null}},{"start":{},"end":{}}],"line":256},"18":{"loc":{"start":{"line":262,"column":2},"end":{"line":264,"column":null}},"type":"if","locations":[{"start":{"line":262,"column":2},"end":{"line":264,"column":null}},{"start":{},"end":{}}],"line":262},"19":{"loc":{"start":{"line":284,"column":2},"end":{"line":287,"column":null}},"type":"if","locations":[{"start":{"line":284,"column":2},"end":{"line":287,"column":null}},{"start":{},"end":{}}],"line":284}},"s":{"0":1,"1":1,"2":10,"3":19,"4":19,"5":15,"6":15,"7":5,"8":10,"9":10,"10":10,"11":8,"12":8,"13":5,"14":3,"15":2,"16":3,"17":3,"18":21,"19":3,"20":13,"21":12,"22":12,"23":2,"24":10,"25":10,"26":10,"27":10,"28":21,"29":2,"30":19,"31":19,"32":19,"33":19,"34":19,"35":5,"36":14,"37":5,"38":9,"39":5,"40":4,"41":5,"42":2,"43":5,"44":5,"45":25,"46":5,"47":5,"48":5,"49":25,"50":7,"51":7,"52":7,"53":7,"54":7,"55":7,"56":2,"57":7,"58":2,"59":7,"60":3,"61":7,"62":1,"63":7,"64":7,"65":3,"66":7,"67":5,"68":5,"69":3,"70":3},"f":{"0":10,"1":19,"2":15,"3":8,"4":5,"5":3,"6":21,"7":3,"8":13,"9":12,"10":21,"11":5,"12":2,"13":25,"14":5,"15":25,"16":7,"17":5},"b":{"0":[13,6],"1":[15],"2":[5,10],"3":[3,2],"4":[1,2],"5":[2,10],"6":[2,19],"7":[5,14],"8":[2,3],"9":[5,9],"10":[2,3],"11":[5,4],"12":[2,3],"13":[2,2],"14":[2,5],"15":[2,5],"16":[3,4],"17":[1,6],"18":[3,4],"19":[3,2]},"meta":{"lastBranch":20,"lastFunction":18,"lastStatement":71,"seen":{"s:11:28:19:Infinity":0,"s:24:31:28:Infinity":1,"f:34:16:34:43":0,"s:35:2:35:Infinity":2,"f:43:16:43:49":1,"s:44:20:44:Infinity":3,"s:45:2:45:Infinity":4,"b:45:21:45:47:45:47:45:Infinity":0,"f:62:16:62:30":2,"b:62:50:62:81":1,"s:63:23:63:Infinity":5,"b:65:2:67:Infinity:undefined:undefined:undefined:undefined":2,"s:65:2:67:Infinity":6,"s:66:4:66:Infinity":7,"s:69:14:69:Infinity":8,"s:70:28:70:Infinity":9,"s:72:2:72:Infinity":10,"f:80:16:80:47":3,"s:81:21:81:Infinity":11,"s:82:2:82:Infinity":12,"f:90:16:90:30":4,"b:91:2:95:Infinity:93:9:95:Infinity":3,"s:91:2:95:Infinity":13,"s:92:4:92:Infinity":14,"s:94:4:94:Infinity":15,"f:102:16:102:37":5,"s:103:15:103:Infinity":16,"s:104:2:104:Infinity":17,"f:104:15:104:22":6,"s:104:22:104:50":18,"f:112:16:112:44":7,"s:113:2:115:Infinity":19,"b:114:6:114:Infinity:115:6:115:Infinity":4,"f:124:16:124:44":8,"s:125:2:125:Infinity":20,"f:133:16:133:50":9,"s:134:20:134:Infinity":21,"b:136:2:138:Infinity:undefined:undefined:undefined:undefined":5,"s:136:2:138:Infinity":22,"s:137:4:137:Infinity":23,"s:140:25:140:Infinity":24,"s:141:14:141:Infinity":25,"s:142:20:142:Infinity":26,"s:144:2:144:Infinity":27,"f:159:16:159:36":10,"b:160:2:162:Infinity:undefined:undefined:undefined:undefined":6,"s:160:2:162:Infinity":28,"s:161:4:161:Infinity":29,"s:164:18:164:Infinity":30,"s:165:18:165:Infinity":31,"s:166:16:166:Infinity":32,"s:167:15:167:Infinity":33,"b:169:2:177:Infinity:171:2:177:Infinity":7,"s:169:2:177:Infinity":34,"s:170:4:170:Infinity":35,"b:170:36:170:42:170:42:170:44":8,"b:171:2:177:Infinity:173:2:177:Infinity":9,"s:171:2:177:Infinity":36,"s:172:4:172:Infinity":37,"b:172:39:172:45:172:45:172:47":10,"b:173:2:177:Infinity:175:9:177:Infinity":11,"s:173:2:177:Infinity":38,"s:174:4:174:Infinity":39,"b:174:45:174:51:174:51:174:53":12,"s:176:4:176:Infinity":40,"b:176:47:176:53:176:53:176:55":13,"f:193:16:193:51":11,"s:194:25:194:Infinity":41,"f:194:25:194:31":12,"s:194:31:194:Infinity":42,"s:197:17:197:Infinity":43,"s:199:2:201:Infinity":44,"f:199:17:199:26":13,"s:200:4:200:Infinity":45,"s:204:2:204:Infinity":46,"s:207:2:211:Infinity":47,"f:207:9:207:15":14,"s:208:4:210:Infinity":48,"f:208:19:208:28":15,"s:209:6:209:Infinity":49,"f:228:16:228:Infinity":16,"s:234:27:234:Infinity":50,"s:235:20:235:Infinity":51,"s:236:15:236:Infinity":52,"s:239:22:239:Infinity":53,"s:240:23:240:Infinity":54,"b:242:2:244:Infinity:undefined:undefined:undefined:undefined":14,"s:242:2:244:Infinity":55,"s:243:4:243:Infinity":56,"b:246:2:248:Infinity:undefined:undefined:undefined:undefined":15,"s:246:2:248:Infinity":57,"s:247:4:247:Infinity":58,"b:251:2:253:Infinity:undefined:undefined:undefined:undefined":16,"s:251:2:253:Infinity":59,"s:252:4:252:Infinity":60,"b:256:2:258:Infinity:undefined:undefined:undefined:undefined":17,"s:256:2:258:Infinity":61,"s:257:4:257:Infinity":62,"s:261:15:261:Infinity":63,"b:262:2:264:Infinity:undefined:undefined:undefined:undefined":18,"s:262:2:264:Infinity":64,"s:263:4:263:Infinity":65,"s:266:2:271:Infinity":66,"f:281:16:281:34":17,"s:282:16:282:Infinity":67,"b:284:2:287:Infinity:undefined:undefined:undefined:undefined":19,"s:284:2:287:Infinity":68,"s:285:4:285:Infinity":69,"s:286:4:286:Infinity":70}}}
,"D:\\code\\reactjs\\usermn1\\src\\domains\\auth\\utils\\tokenUtils.ts": {"path":"D:\\code\\reactjs\\usermn1\\src\\domains\\auth\\utils\\tokenUtils.ts","statementMap":{"0":{"start":{"line":14,"column":15},"end":{"line":14,"column":null}},"1":{"start":{"line":17,"column":2},"end":{"line":19,"column":null}},"2":{"start":{"line":18,"column":4},"end":{"line":18,"column":null}},"3":{"start":{"line":21,"column":2},"end":{"line":25,"column":null}},"4":{"start":{"line":22,"column":4},"end":{"line":22,"column":null}},"5":{"start":{"line":24,"column":4},"end":{"line":24,"column":null}},"6":{"start":{"line":44,"column":2},"end":{"line":46,"column":null}},"7":{"start":{"line":45,"column":4},"end":{"line":45,"column":null}},"8":{"start":{"line":48,"column":16},"end":{"line":48,"column":null}},"9":{"start":{"line":50,"column":2},"end":{"line":52,"column":null}},"10":{"start":{"line":51,"column":4},"end":{"line":51,"column":null}},"11":{"start":{"line":54,"column":2},"end":{"line":67,"column":null}},"12":{"start":{"line":55,"column":20},"end":{"line":55,"column":null}},"13":{"start":{"line":56,"column":20},"end":{"line":56,"column":null}},"14":{"start":{"line":58,"column":4},"end":{"line":64,"column":null}},"15":{"start":{"line":66,"column":4},"end":{"line":66,"column":null}},"16":{"start":{"line":87,"column":2},"end":{"line":100,"column":null}},"17":{"start":{"line":88,"column":20},"end":{"line":88,"column":null}},"18":{"start":{"line":90,"column":4},"end":{"line":92,"column":null}},"19":{"start":{"line":91,"column":6},"end":{"line":91,"column":null}},"20":{"start":{"line":94,"column":16},"end":{"line":94,"column":null}},"21":{"start":{"line":95,"column":22},"end":{"line":95,"column":null}},"22":{"start":{"line":97,"column":4},"end":{"line":97,"column":null}},"23":{"start":{"line":99,"column":4},"end":{"line":99,"column":null}},"24":{"start":{"line":116,"column":2},"end":{"line":126,"column":null}},"25":{"start":{"line":117,"column":20},"end":{"line":117,"column":null}},"26":{"start":{"line":119,"column":4},"end":{"line":121,"column":null}},"27":{"start":{"line":120,"column":6},"end":{"line":120,"column":null}},"28":{"start":{"line":123,"column":4},"end":{"line":123,"column":null}},"29":{"start":{"line":125,"column":4},"end":{"line":125,"column":null}},"30":{"start":{"line":142,"column":2},"end":{"line":155,"column":null}},"31":{"start":{"line":143,"column":20},"end":{"line":143,"column":null}},"32":{"start":{"line":145,"column":4},"end":{"line":147,"column":null}},"33":{"start":{"line":146,"column":6},"end":{"line":146,"column":null}},"34":{"start":{"line":149,"column":16},"end":{"line":149,"column":null}},"35":{"start":{"line":150,"column":22},"end":{"line":150,"column":null}},"36":{"start":{"line":152,"column":4},"end":{"line":152,"column":null}},"37":{"start":{"line":154,"column":4},"end":{"line":154,"column":null}},"38":{"start":{"line":165,"column":2},"end":{"line":170,"column":null}},"39":{"start":{"line":166,"column":20},"end":{"line":166,"column":null}},"40":{"start":{"line":167,"column":4},"end":{"line":167,"column":null}},"41":{"start":{"line":169,"column":4},"end":{"line":169,"column":null}},"42":{"start":{"line":180,"column":2},"end":{"line":185,"column":null}},"43":{"start":{"line":181,"column":20},"end":{"line":181,"column":null}},"44":{"start":{"line":182,"column":4},"end":{"line":182,"column":null}},"45":{"start":{"line":184,"column":4},"end":{"line":184,"column":null}},"46":{"start":{"line":195,"column":2},"end":{"line":200,"column":null}},"47":{"start":{"line":196,"column":20},"end":{"line":196,"column":null}},"48":{"start":{"line":197,"column":4},"end":{"line":197,"column":null}},"49":{"start":{"line":199,"column":4},"end":{"line":199,"column":null}},"50":{"start":{"line":218,"column":16},"end":{"line":218,"column":null}},"51":{"start":{"line":219,"column":2},"end":{"line":219,"column":null}},"52":{"start":{"line":230,"column":20},"end":{"line":230,"column":null}},"53":{"start":{"line":231,"column":2},"end":{"line":231,"column":null}},"54":{"start":{"line":231,"column":28},"end":{"line":231,"column":52}},"55":{"start":{"line":242,"column":20},"end":{"line":242,"column":null}},"56":{"start":{"line":243,"column":2},"end":{"line":243,"column":null}},"57":{"start":{"line":243,"column":29},"end":{"line":243,"column":53}},"58":{"start":{"line":254,"column":2},"end":{"line":256,"column":null}},"59":{"start":{"line":255,"column":4},"end":{"line":255,"column":null}},"60":{"start":{"line":258,"column":16},"end":{"line":258,"column":null}},"61":{"start":{"line":259,"column":2},"end":{"line":261,"column":null}},"62":{"start":{"line":260,"column":4},"end":{"line":260,"column":null}},"63":{"start":{"line":263,"column":2},"end":{"line":268,"column":null}},"64":{"start":{"line":264,"column":4},"end":{"line":264,"column":null}},"65":{"start":{"line":265,"column":4},"end":{"line":265,"column":null}},"66":{"start":{"line":267,"column":4},"end":{"line":267,"column":null}},"67":{"start":{"line":278,"column":2},"end":{"line":288,"column":null}},"68":{"start":{"line":279,"column":20},"end":{"line":279,"column":null}},"69":{"start":{"line":281,"column":4},"end":{"line":283,"column":null}},"70":{"start":{"line":282,"column":6},"end":{"line":282,"column":null}},"71":{"start":{"line":285,"column":4},"end":{"line":285,"column":null}},"72":{"start":{"line":287,"column":4},"end":{"line":287,"column":null}},"73":{"start":{"line":298,"column":2},"end":{"line":309,"column":null}},"74":{"start":{"line":299,"column":20},"end":{"line":299,"column":null}},"75":{"start":{"line":301,"column":4},"end":{"line":303,"column":null}},"76":{"start":{"line":302,"column":6},"end":{"line":302,"column":null}},"77":{"start":{"line":305,"column":16},"end":{"line":305,"column":null}},"78":{"start":{"line":306,"column":4},"end":{"line":306,"column":null}},"79":{"start":{"line":308,"column":4},"end":{"line":308,"column":null}}},"fnMap":{"0":{"name":"base64UrlDecode","decl":{"start":{"line":12,"column":9},"end":{"line":12,"column":25}},"loc":{"start":{"line":12,"column":46},"end":{"line":26,"column":null}},"line":12},"1":{"name":"decodeToken","decl":{"start":{"line":43,"column":16},"end":{"line":43,"column":28}},"loc":{"start":{"line":43,"column":57},"end":{"line":68,"column":null}},"line":43},"2":{"name":"isTokenExpired","decl":{"start":{"line":83,"column":16},"end":{"line":83,"column":null}},"loc":{"start":{"line":86,"column":11},"end":{"line":101,"column":null}},"line":86},"3":{"name":"getTokenExpiration","decl":{"start":{"line":115,"column":16},"end":{"line":115,"column":35}},"loc":{"start":{"line":115,"column":78},"end":{"line":127,"column":null}},"line":115},"4":{"name":"getTokenTimeRemaining","decl":{"start":{"line":141,"column":16},"end":{"line":141,"column":38}},"loc":{"start":{"line":141,"column":76},"end":{"line":156,"column":null}},"line":141},"5":{"name":"getUserIdFromToken","decl":{"start":{"line":164,"column":16},"end":{"line":164,"column":35}},"loc":{"start":{"line":164,"column":80},"end":{"line":171,"column":null}},"line":164},"6":{"name":"getEmailFromToken","decl":{"start":{"line":179,"column":16},"end":{"line":179,"column":34}},"loc":{"start":{"line":179,"column":79},"end":{"line":186,"column":null}},"line":179},"7":{"name":"getRolesFromToken","decl":{"start":{"line":194,"column":16},"end":{"line":194,"column":34}},"loc":{"start":{"line":194,"column":74},"end":{"line":201,"column":null}},"line":194},"8":{"name":"hasRole","decl":{"start":{"line":217,"column":16},"end":{"line":217,"column":24}},"loc":{"start":{"line":217,"column":77},"end":{"line":220,"column":null}},"line":217},"9":{"name":"hasAnyRole","decl":{"start":{"line":229,"column":16},"end":{"line":229,"column":27}},"loc":{"start":{"line":229,"column":83},"end":{"line":232,"column":null}},"line":229},"10":{"name":"(anonymous_10)","decl":{"start":{"line":231,"column":20},"end":{"line":231,"column":28}},"loc":{"start":{"line":231,"column":28},"end":{"line":231,"column":52}},"line":231},"11":{"name":"hasAllRoles","decl":{"start":{"line":241,"column":16},"end":{"line":241,"column":28}},"loc":{"start":{"line":241,"column":84},"end":{"line":244,"column":null}},"line":241},"12":{"name":"(anonymous_12)","decl":{"start":{"line":243,"column":21},"end":{"line":243,"column":29}},"loc":{"start":{"line":243,"column":29},"end":{"line":243,"column":53}},"line":243},"13":{"name":"isValidTokenStructure","decl":{"start":{"line":253,"column":16},"end":{"line":253,"column":38}},"loc":{"start":{"line":253,"column":62},"end":{"line":269,"column":null}},"line":253},"14":{"name":"getTokenIssuedAt","decl":{"start":{"line":277,"column":16},"end":{"line":277,"column":33}},"loc":{"start":{"line":277,"column":76},"end":{"line":289,"column":null}},"line":277},"15":{"name":"getTokenAge","decl":{"start":{"line":297,"column":16},"end":{"line":297,"column":28}},"loc":{"start":{"line":297,"column":66},"end":{"line":310,"column":null}},"line":297}},"branchMap":{"0":{"loc":{"start":{"line":44,"column":2},"end":{"line":46,"column":null}},"type":"if","locations":[{"start":{"line":44,"column":2},"end":{"line":46,"column":null}},{"start":{},"end":{}}],"line":44},"1":{"loc":{"start":{"line":44,"column":6},"end":{"line":44,"column":43}},"type":"binary-expr","locations":[{"start":{"line":44,"column":6},"end":{"line":44,"column":16}},{"start":{"line":44,"column":16},"end":{"line":44,"column":43}}],"line":44},"2":{"loc":{"start":{"line":50,"column":2},"end":{"line":52,"column":null}},"type":"if","locations":[{"start":{"line":50,"column":2},"end":{"line":52,"column":null}},{"start":{},"end":{}}],"line":50},"3":{"loc":{"start":{"line":59,"column":11},"end":{"line":59,"column":null}},"type":"binary-expr","locations":[{"start":{"line":59,"column":11},"end":{"line":59,"column":26}},{"start":{"line":59,"column":26},"end":{"line":59,"column":null}}],"line":59},"4":{"loc":{"start":{"line":60,"column":13},"end":{"line":60,"column":null}},"type":"binary-expr","locations":[{"start":{"line":60,"column":13},"end":{"line":60,"column":30}},{"start":{"line":60,"column":30},"end":{"line":60,"column":null}}],"line":60},"5":{"loc":{"start":{"line":61,"column":13},"end":{"line":61,"column":null}},"type":"binary-expr","locations":[{"start":{"line":61,"column":13},"end":{"line":61,"column":30}},{"start":{"line":61,"column":30},"end":{"line":61,"column":null}}],"line":61},"6":{"loc":{"start":{"line":62,"column":11},"end":{"line":62,"column":null}},"type":"binary-expr","locations":[{"start":{"line":62,"column":11},"end":{"line":62,"column":26}},{"start":{"line":62,"column":26},"end":{"line":62,"column":null}}],"line":62},"7":{"loc":{"start":{"line":63,"column":11},"end":{"line":63,"column":null}},"type":"binary-expr","locations":[{"start":{"line":63,"column":11},"end":{"line":63,"column":26}},{"start":{"line":63,"column":26},"end":{"line":63,"column":null}}],"line":63},"8":{"loc":{"start":{"line":66,"column":47},"end":{"line":66,"column":103}},"type":"cond-expr","locations":[{"start":{"line":66,"column":72},"end":{"line":66,"column":88}},{"start":{"line":66,"column":88},"end":{"line":66,"column":103}}],"line":66},"9":{"loc":{"start":{"line":85,"column":2},"end":{"line":85,"column":null}},"type":"default-arg","locations":[{"start":{"line":85,"column":26},"end":{"line":85,"column":null}}],"line":85},"10":{"loc":{"start":{"line":88,"column":20},"end":{"line":88,"column":null}},"type":"cond-expr","locations":[{"start":{"line":88,"column":48},"end":{"line":88,"column":69}},{"start":{"line":88,"column":69},"end":{"line":88,"column":null}}],"line":88},"11":{"loc":{"start":{"line":90,"column":4},"end":{"line":92,"column":null}},"type":"if","locations":[{"start":{"line":90,"column":4},"end":{"line":92,"column":null}},{"start":{},"end":{}}],"line":90},"12":{"loc":{"start":{"line":117,"column":20},"end":{"line":117,"column":null}},"type":"cond-expr","locations":[{"start":{"line":117,"column":48},"end":{"line":117,"column":69}},{"start":{"line":117,"column":69},"end":{"line":117,"column":null}}],"line":117},"13":{"loc":{"start":{"line":119,"column":4},"end":{"line":121,"column":null}},"type":"if","locations":[{"start":{"line":119,"column":4},"end":{"line":121,"column":null}},{"start":{},"end":{}}],"line":119},"14":{"loc":{"start":{"line":143,"column":20},"end":{"line":143,"column":null}},"type":"cond-expr","locations":[{"start":{"line":143,"column":48},"end":{"line":143,"column":69}},{"start":{"line":143,"column":69},"end":{"line":143,"column":null}}],"line":143},"15":{"loc":{"start":{"line":145,"column":4},"end":{"line":147,"column":null}},"type":"if","locations":[{"start":{"line":145,"column":4},"end":{"line":147,"column":null}},{"start":{},"end":{}}],"line":145},"16":{"loc":{"start":{"line":166,"column":20},"end":{"line":166,"column":null}},"type":"cond-expr","locations":[{"start":{"line":166,"column":48},"end":{"line":166,"column":69}},{"start":{"line":166,"column":69},"end":{"line":166,"column":null}}],"line":166},"17":{"loc":{"start":{"line":167,"column":11},"end":{"line":167,"column":null}},"type":"binary-expr","locations":[{"start":{"line":167,"column":11},"end":{"line":167,"column":26}},{"start":{"line":167,"column":26},"end":{"line":167,"column":null}}],"line":167},"18":{"loc":{"start":{"line":181,"column":20},"end":{"line":181,"column":null}},"type":"cond-expr","locations":[{"start":{"line":181,"column":48},"end":{"line":181,"column":69}},{"start":{"line":181,"column":69},"end":{"line":181,"column":null}}],"line":181},"19":{"loc":{"start":{"line":182,"column":11},"end":{"line":182,"column":null}},"type":"binary-expr","locations":[{"start":{"line":182,"column":11},"end":{"line":182,"column":28}},{"start":{"line":182,"column":28},"end":{"line":182,"column":null}}],"line":182},"20":{"loc":{"start":{"line":196,"column":20},"end":{"line":196,"column":null}},"type":"cond-expr","locations":[{"start":{"line":196,"column":48},"end":{"line":196,"column":69}},{"start":{"line":196,"column":69},"end":{"line":196,"column":null}}],"line":196},"21":{"loc":{"start":{"line":197,"column":11},"end":{"line":197,"column":null}},"type":"binary-expr","locations":[{"start":{"line":197,"column":11},"end":{"line":197,"column":28}},{"start":{"line":197,"column":28},"end":{"line":197,"column":null}}],"line":197},"22":{"loc":{"start":{"line":254,"column":2},"end":{"line":256,"column":null}},"type":"if","locations":[{"start":{"line":254,"column":2},"end":{"line":256,"column":null}},{"start":{},"end":{}}],"line":254},"23":{"loc":{"start":{"line":254,"column":6},"end":{"line":254,"column":43}},"type":"binary-expr","locations":[{"start":{"line":254,"column":6},"end":{"line":254,"column":16}},{"start":{"line":254,"column":16},"end":{"line":254,"column":43}}],"line":254},"24":{"loc":{"start":{"line":259,"column":2},"end":{"line":261,"column":null}},"type":"if","locations":[{"start":{"line":259,"column":2},"end":{"line":261,"column":null}},{"start":{},"end":{}}],"line":259},"25":{"loc":{"start":{"line":279,"column":20},"end":{"line":279,"column":null}},"type":"cond-expr","locations":[{"start":{"line":279,"column":48},"end":{"line":279,"column":69}},{"start":{"line":279,"column":69},"end":{"line":279,"column":null}}],"line":279},"26":{"loc":{"start":{"line":281,"column":4},"end":{"line":283,"column":null}},"type":"if","locations":[{"start":{"line":281,"column":4},"end":{"line":283,"column":null}},{"start":{},"end":{}}],"line":281},"27":{"loc":{"start":{"line":299,"column":20},"end":{"line":299,"column":null}},"type":"cond-expr","locations":[{"start":{"line":299,"column":48},"end":{"line":299,"column":69}},{"start":{"line":299,"column":69},"end":{"line":299,"column":null}}],"line":299},"28":{"loc":{"start":{"line":301,"column":4},"end":{"line":303,"column":null}},"type":"if","locations":[{"start":{"line":301,"column":4},"end":{"line":303,"column":null}},{"start":{},"end":{}}],"line":301}},"s":{"0":56,"1":56,"2":87,"3":56,"4":56,"5":2,"6":78,"7":12,"8":66,"9":66,"10":13,"11":53,"12":53,"13":53,"14":53,"15":2,"16":13,"17":13,"18":13,"19":1,"20":10,"21":10,"22":10,"23":2,"24":6,"25":6,"26":6,"27":1,"28":3,"29":2,"30":7,"31":7,"32":7,"33":1,"34":4,"35":4,"36":4,"37":2,"38":6,"39":6,"40":6,"41":2,"42":6,"43":6,"44":6,"45":2,"46":31,"47":31,"48":31,"49":5,"50":10,"51":10,"52":7,"53":7,"54":9,"55":8,"56":8,"57":11,"58":9,"59":4,"60":5,"61":5,"62":2,"63":3,"64":3,"65":3,"66":1,"67":6,"68":6,"69":6,"70":1,"71":3,"72":2,"73":6,"74":6,"75":6,"76":1,"77":3,"78":3,"79":2},"f":{"0":56,"1":78,"2":13,"3":6,"4":7,"5":6,"6":6,"7":31,"8":10,"9":7,"10":9,"11":8,"12":11,"13":9,"14":6,"15":6},"b":{"0":[12,66],"1":[78,67],"2":[13,53],"3":[53,2],"4":[78,2],"5":[78,0],"6":[78,3],"7":[78,2],"8":[2,0],"9":[13],"10":[11,2],"11":[1,12],"12":[5,1],"13":[1,5],"14":[6,1],"15":[1,6],"16":[5,1],"17":[6,1],"18":[5,1],"19":[6,1],"20":[25,6],"21":[31,0],"22":[4,5],"23":[9,6],"24":[2,3],"25":[5,1],"26":[1,5],"27":[5,1],"28":[1,5]},"meta":{"lastBranch":29,"lastFunction":16,"lastStatement":80,"seen":{"f:12:9:12:25":0,"s:14:15:14:Infinity":0,"s:17:2:19:Infinity":1,"s:18:4:18:Infinity":2,"s:21:2:25:Infinity":3,"s:22:4:22:Infinity":4,"s:24:4:24:Infinity":5,"f:43:16:43:28":1,"b:44:2:46:Infinity:undefined:undefined:undefined:undefined":0,"s:44:2:46:Infinity":6,"b:44:6:44:16:44:16:44:43":1,"s:45:4:45:Infinity":7,"s:48:16:48:Infinity":8,"b:50:2:52:Infinity:undefined:undefined:undefined:undefined":2,"s:50:2:52:Infinity":9,"s:51:4:51:Infinity":10,"s:54:2:67:Infinity":11,"s:55:20:55:Infinity":12,"s:56:20:56:Infinity":13,"s:58:4:64:Infinity":14,"b:59:11:59:26:59:26:59:Infinity":3,"b:60:13:60:30:60:30:60:Infinity":4,"b:61:13:61:30:61:30:61:Infinity":5,"b:62:11:62:26:62:26:62:Infinity":6,"b:63:11:63:26:63:26:63:Infinity":7,"s:66:4:66:Infinity":15,"b:66:72:66:88:66:88:66:103":8,"f:83:16:83:Infinity":2,"b:85:26:85:Infinity":9,"s:87:2:100:Infinity":16,"s:88:20:88:Infinity":17,"b:88:48:88:69:88:69:88:Infinity":10,"b:90:4:92:Infinity:undefined:undefined:undefined:undefined":11,"s:90:4:92:Infinity":18,"s:91:6:91:Infinity":19,"s:94:16:94:Infinity":20,"s:95:22:95:Infinity":21,"s:97:4:97:Infinity":22,"s:99:4:99:Infinity":23,"f:115:16:115:35":3,"s:116:2:126:Infinity":24,"s:117:20:117:Infinity":25,"b:117:48:117:69:117:69:117:Infinity":12,"b:119:4:121:Infinity:undefined:undefined:undefined:undefined":13,"s:119:4:121:Infinity":26,"s:120:6:120:Infinity":27,"s:123:4:123:Infinity":28,"s:125:4:125:Infinity":29,"f:141:16:141:38":4,"s:142:2:155:Infinity":30,"s:143:20:143:Infinity":31,"b:143:48:143:69:143:69:143:Infinity":14,"b:145:4:147:Infinity:undefined:undefined:undefined:undefined":15,"s:145:4:147:Infinity":32,"s:146:6:146:Infinity":33,"s:149:16:149:Infinity":34,"s:150:22:150:Infinity":35,"s:152:4:152:Infinity":36,"s:154:4:154:Infinity":37,"f:164:16:164:35":5,"s:165:2:170:Infinity":38,"s:166:20:166:Infinity":39,"b:166:48:166:69:166:69:166:Infinity":16,"s:167:4:167:Infinity":40,"b:167:11:167:26:167:26:167:Infinity":17,"s:169:4:169:Infinity":41,"f:179:16:179:34":6,"s:180:2:185:Infinity":42,"s:181:20:181:Infinity":43,"b:181:48:181:69:181:69:181:Infinity":18,"s:182:4:182:Infinity":44,"b:182:11:182:28:182:28:182:Infinity":19,"s:184:4:184:Infinity":45,"f:194:16:194:34":7,"s:195:2:200:Infinity":46,"s:196:20:196:Infinity":47,"b:196:48:196:69:196:69:196:Infinity":20,"s:197:4:197:Infinity":48,"b:197:11:197:28:197:28:197:Infinity":21,"s:199:4:199:Infinity":49,"f:217:16:217:24":8,"s:218:16:218:Infinity":50,"s:219:2:219:Infinity":51,"f:229:16:229:27":9,"s:230:20:230:Infinity":52,"s:231:2:231:Infinity":53,"f:231:20:231:28":10,"s:231:28:231:52":54,"f:241:16:241:28":11,"s:242:20:242:Infinity":55,"s:243:2:243:Infinity":56,"f:243:21:243:29":12,"s:243:29:243:53":57,"f:253:16:253:38":13,"b:254:2:256:Infinity:undefined:undefined:undefined:undefined":22,"s:254:2:256:Infinity":58,"b:254:6:254:16:254:16:254:43":23,"s:255:4:255:Infinity":59,"s:258:16:258:Infinity":60,"b:259:2:261:Infinity:undefined:undefined:undefined:undefined":24,"s:259:2:261:Infinity":61,"s:260:4:260:Infinity":62,"s:263:2:268:Infinity":63,"s:264:4:264:Infinity":64,"s:265:4:265:Infinity":65,"s:267:4:267:Infinity":66,"f:277:16:277:33":14,"s:278:2:288:Infinity":67,"s:279:20:279:Infinity":68,"b:279:48:279:69:279:69:279:Infinity":25,"b:281:4:283:Infinity:undefined:undefined:undefined:undefined":26,"s:281:4:283:Infinity":69,"s:282:6:282:Infinity":70,"s:285:4:285:Infinity":71,"s:287:4:287:Infinity":72,"f:297:16:297:28":15,"s:298:2:309:Infinity":73,"s:299:20:299:Infinity":74,"b:299:48:299:69:299:69:299:Infinity":27,"b:301:4:303:Infinity:undefined:undefined:undefined:undefined":28,"s:301:4:303:Infinity":75,"s:302:6:302:Infinity":76,"s:305:16:305:Infinity":77,"s:306:4:306:Infinity":78,"s:308:4:308:Infinity":79}}}
,"D:\\code\\reactjs\\usermn1\\src\\domains\\auth\\utils\\validation.ts": {"path":"D:\\code\\reactjs\\usermn1\\src\\domains\\auth\\utils\\validation.ts","statementMap":{"0":{"start":{"line":10,"column":27},"end":{"line":10,"column":null}},"1":{"start":{"line":17,"column":30},"end":{"line":17,"column":null}},"2":{"start":{"line":24,"column":27},"end":{"line":24,"column":null}},"3":{"start":{"line":29,"column":30},"end":{"line":36,"column":null}},"4":{"start":{"line":41,"column":38},"end":{"line":41,"column":null}},"5":{"start":{"line":46,"column":32},"end":{"line":52,"column":null}},"6":{"start":{"line":79,"column":2},"end":{"line":81,"column":null}},"7":{"start":{"line":80,"column":4},"end":{"line":80,"column":null}},"8":{"start":{"line":83,"column":2},"end":{"line":83,"column":null}},"9":{"start":{"line":101,"column":29},"end":{"line":101,"column":null}},"10":{"start":{"line":102,"column":14},"end":{"line":102,"column":null}},"11":{"start":{"line":104,"column":2},"end":{"line":111,"column":null}},"12":{"start":{"line":105,"column":4},"end":{"line":110,"column":null}},"13":{"start":{"line":114,"column":17},"end":{"line":114,"column":null}},"14":{"start":{"line":115,"column":2},"end":{"line":126,"column":null}},"15":{"start":{"line":116,"column":4},"end":{"line":116,"column":null}},"16":{"start":{"line":117,"column":4},"end":{"line":117,"column":null}},"17":{"start":{"line":118,"column":2},"end":{"line":126,"column":null}},"18":{"start":{"line":119,"column":4},"end":{"line":119,"column":null}},"19":{"start":{"line":120,"column":2},"end":{"line":126,"column":null}},"20":{"start":{"line":121,"column":4},"end":{"line":121,"column":null}},"21":{"start":{"line":122,"column":4},"end":{"line":122,"column":null}},"22":{"start":{"line":124,"column":4},"end":{"line":124,"column":null}},"23":{"start":{"line":125,"column":4},"end":{"line":125,"column":null}},"24":{"start":{"line":129,"column":2},"end":{"line":133,"column":null}},"25":{"start":{"line":130,"column":4},"end":{"line":130,"column":null}},"26":{"start":{"line":131,"column":2},"end":{"line":133,"column":null}},"27":{"start":{"line":132,"column":4},"end":{"line":132,"column":null}},"28":{"start":{"line":136,"column":2},"end":{"line":140,"column":null}},"29":{"start":{"line":137,"column":4},"end":{"line":137,"column":null}},"30":{"start":{"line":138,"column":2},"end":{"line":140,"column":null}},"31":{"start":{"line":139,"column":4},"end":{"line":139,"column":null}},"32":{"start":{"line":143,"column":2},"end":{"line":147,"column":null}},"33":{"start":{"line":144,"column":4},"end":{"line":144,"column":null}},"34":{"start":{"line":145,"column":2},"end":{"line":147,"column":null}},"35":{"start":{"line":146,"column":4},"end":{"line":146,"column":null}},"36":{"start":{"line":150,"column":2},"end":{"line":154,"column":null}},"37":{"start":{"line":151,"column":4},"end":{"line":151,"column":null}},"38":{"start":{"line":152,"column":2},"end":{"line":154,"column":null}},"39":{"start":{"line":153,"column":4},"end":{"line":153,"column":null}},"40":{"start":{"line":157,"column":2},"end":{"line":160,"column":null}},"41":{"start":{"line":158,"column":4},"end":{"line":158,"column":null}},"42":{"start":{"line":159,"column":4},"end":{"line":159,"column":null}},"43":{"start":{"line":162,"column":2},"end":{"line":165,"column":null}},"44":{"start":{"line":163,"column":4},"end":{"line":163,"column":null}},"45":{"start":{"line":164,"column":4},"end":{"line":164,"column":null}},"46":{"start":{"line":167,"column":2},"end":{"line":170,"column":null}},"47":{"start":{"line":168,"column":4},"end":{"line":168,"column":null}},"48":{"start":{"line":169,"column":4},"end":{"line":169,"column":null}},"49":{"start":{"line":173,"column":2},"end":{"line":176,"column":null}},"50":{"start":{"line":174,"column":4},"end":{"line":174,"column":null}},"51":{"start":{"line":175,"column":4},"end":{"line":175,"column":null}},"52":{"start":{"line":179,"column":26},"end":{"line":179,"column":null}},"53":{"start":{"line":180,"column":2},"end":{"line":183,"column":null}},"54":{"start":{"line":180,"column":37},"end":{"line":180,"column":76}},"55":{"start":{"line":181,"column":4},"end":{"line":181,"column":null}},"56":{"start":{"line":182,"column":4},"end":{"line":182,"column":null}},"57":{"start":{"line":186,"column":2},"end":{"line":186,"column":null}},"58":{"start":{"line":190,"column":2},"end":{"line":200,"column":null}},"59":{"start":{"line":191,"column":4},"end":{"line":191,"column":null}},"60":{"start":{"line":192,"column":2},"end":{"line":200,"column":null}},"61":{"start":{"line":193,"column":4},"end":{"line":193,"column":null}},"62":{"start":{"line":194,"column":2},"end":{"line":200,"column":null}},"63":{"start":{"line":195,"column":4},"end":{"line":195,"column":null}},"64":{"start":{"line":196,"column":2},"end":{"line":200,"column":null}},"65":{"start":{"line":197,"column":4},"end":{"line":197,"column":null}},"66":{"start":{"line":199,"column":4},"end":{"line":199,"column":null}},"67":{"start":{"line":204,"column":4},"end":{"line":209,"column":null}},"68":{"start":{"line":211,"column":2},"end":{"line":216,"column":null}},"69":{"start":{"line":226,"column":17},"end":{"line":226,"column":null}},"70":{"start":{"line":227,"column":2},"end":{"line":227,"column":null}},"71":{"start":{"line":238,"column":2},"end":{"line":238,"column":null}},"72":{"start":{"line":249,"column":2},"end":{"line":251,"column":null}},"73":{"start":{"line":250,"column":4},"end":{"line":250,"column":null}},"74":{"start":{"line":253,"column":2},"end":{"line":253,"column":null}},"75":{"start":{"line":263,"column":2},"end":{"line":265,"column":null}},"76":{"start":{"line":264,"column":4},"end":{"line":264,"column":null}},"77":{"start":{"line":267,"column":2},"end":{"line":272,"column":null}},"78":{"start":{"line":268,"column":22},"end":{"line":268,"column":null}},"79":{"start":{"line":269,"column":4},"end":{"line":269,"column":null}},"80":{"start":{"line":271,"column":4},"end":{"line":271,"column":null}},"81":{"start":{"line":283,"column":2},"end":{"line":285,"column":null}},"82":{"start":{"line":284,"column":4},"end":{"line":284,"column":null}},"83":{"start":{"line":288,"column":18},"end":{"line":288,"column":null}},"84":{"start":{"line":291,"column":2},"end":{"line":291,"column":null}}},"fnMap":{"0":{"name":"isValidEmail","decl":{"start":{"line":78,"column":16},"end":{"line":78,"column":29}},"loc":{"start":{"line":78,"column":53},"end":{"line":84,"column":null}},"line":78},"1":{"name":"calculatePasswordStrength","decl":{"start":{"line":100,"column":16},"end":{"line":100,"column":42}},"loc":{"start":{"line":100,"column":84},"end":{"line":217,"column":null}},"line":100},"2":{"name":"(anonymous_2)","decl":{"start":{"line":180,"column":27},"end":{"line":180,"column":37}},"loc":{"start":{"line":180,"column":37},"end":{"line":180,"column":76}},"line":180},"3":{"name":"isValidPassword","decl":{"start":{"line":225,"column":16},"end":{"line":225,"column":32}},"loc":{"start":{"line":225,"column":59},"end":{"line":228,"column":null}},"line":225},"4":{"name":"passwordsMatch","decl":{"start":{"line":237,"column":16},"end":{"line":237,"column":31}},"loc":{"start":{"line":237,"column":83},"end":{"line":239,"column":null}},"line":237},"5":{"name":"isValidUsername","decl":{"start":{"line":248,"column":16},"end":{"line":248,"column":32}},"loc":{"start":{"line":248,"column":59},"end":{"line":254,"column":null}},"line":248},"6":{"name":"isValidUrl","decl":{"start":{"line":262,"column":16},"end":{"line":262,"column":27}},"loc":{"start":{"line":262,"column":49},"end":{"line":273,"column":null}},"line":262},"7":{"name":"isValidPhone","decl":{"start":{"line":282,"column":16},"end":{"line":282,"column":29}},"loc":{"start":{"line":282,"column":53},"end":{"line":292,"column":null}},"line":282}},"branchMap":{"0":{"loc":{"start":{"line":79,"column":2},"end":{"line":81,"column":null}},"type":"if","locations":[{"start":{"line":79,"column":2},"end":{"line":81,"column":null}},{"start":{},"end":{}}],"line":79},"1":{"loc":{"start":{"line":79,"column":6},"end":{"line":79,"column":43}},"type":"binary-expr","locations":[{"start":{"line":79,"column":6},"end":{"line":79,"column":16}},{"start":{"line":79,"column":16},"end":{"line":79,"column":43}}],"line":79},"2":{"loc":{"start":{"line":104,"column":2},"end":{"line":111,"column":null}},"type":"if","locations":[{"start":{"line":104,"column":2},"end":{"line":111,"column":null}},{"start":{},"end":{}}],"line":104},"3":{"loc":{"start":{"line":115,"column":2},"end":{"line":126,"column":null}},"type":"if","locations":[{"start":{"line":115,"column":2},"end":{"line":126,"column":null}},{"start":{"line":118,"column":2},"end":{"line":126,"column":null}}],"line":115},"4":{"loc":{"start":{"line":118,"column":2},"end":{"line":126,"column":null}},"type":"if","locations":[{"start":{"line":118,"column":2},"end":{"line":126,"column":null}},{"start":{"line":120,"column":2},"end":{"line":126,"column":null}}],"line":118},"5":{"loc":{"start":{"line":118,"column":13},"end":{"line":118,"column":65}},"type":"binary-expr","locations":[{"start":{"line":118,"column":13},"end":{"line":118,"column":52}},{"start":{"line":118,"column":52},"end":{"line":118,"column":65}}],"line":118},"6":{"loc":{"start":{"line":120,"column":2},"end":{"line":126,"column":null}},"type":"if","locations":[{"start":{"line":120,"column":2},"end":{"line":126,"column":null}},{"start":{"line":123,"column":9},"end":{"line":126,"column":null}}],"line":120},"7":{"loc":{"start":{"line":120,"column":13},"end":{"line":120,"column":42}},"type":"binary-expr","locations":[{"start":{"line":120,"column":13},"end":{"line":120,"column":29}},{"start":{"line":120,"column":29},"end":{"line":120,"column":42}}],"line":120},"8":{"loc":{"start":{"line":129,"column":2},"end":{"line":133,"column":null}},"type":"if","locations":[{"start":{"line":129,"column":2},"end":{"line":133,"column":null}},{"start":{"line":131,"column":2},"end":{"line":133,"column":null}}],"line":129},"9":{"loc":{"start":{"line":131,"column":2},"end":{"line":133,"column":null}},"type":"if","locations":[{"start":{"line":131,"column":2},"end":{"line":133,"column":null}},{"start":{},"end":{}}],"line":131},"10":{"loc":{"start":{"line":136,"column":2},"end":{"line":140,"column":null}},"type":"if","locations":[{"start":{"line":136,"column":2},"end":{"line":140,"column":null}},{"start":{"line":138,"column":2},"end":{"line":140,"column":null}}],"line":136},"11":{"loc":{"start":{"line":138,"column":2},"end":{"line":140,"column":null}},"type":"if","locations":[{"start":{"line":138,"column":2},"end":{"line":140,"column":null}},{"start":{},"end":{}}],"line":138},"12":{"loc":{"start":{"line":143,"column":2},"end":{"line":147,"column":null}},"type":"if","locations":[{"start":{"line":143,"column":2},"end":{"line":147,"column":null}},{"start":{"line":145,"column":2},"end":{"line":147,"column":null}}],"line":143},"13":{"loc":{"start":{"line":145,"column":2},"end":{"line":147,"column":null}},"type":"if","locations":[{"start":{"line":145,"column":2},"end":{"line":147,"column":null}},{"start":{},"end":{}}],"line":145},"14":{"loc":{"start":{"line":150,"column":2},"end":{"line":154,"column":null}},"type":"if","locations":[{"start":{"line":150,"column":2},"end":{"line":154,"column":null}},{"start":{"line":152,"column":2},"end":{"line":154,"column":null}}],"line":150},"15":{"loc":{"start":{"line":152,"column":2},"end":{"line":154,"column":null}},"type":"if","locations":[{"start":{"line":152,"column":2},"end":{"line":154,"column":null}},{"start":{},"end":{}}],"line":152},"16":{"loc":{"start":{"line":157,"column":2},"end":{"line":160,"column":null}},"type":"if","locations":[{"start":{"line":157,"column":2},"end":{"line":160,"column":null}},{"start":{},"end":{}}],"line":157},"17":{"loc":{"start":{"line":162,"column":2},"end":{"line":165,"column":null}},"type":"if","locations":[{"start":{"line":162,"column":2},"end":{"line":165,"column":null}},{"start":{},"end":{}}],"line":162},"18":{"loc":{"start":{"line":167,"column":2},"end":{"line":170,"column":null}},"type":"if","locations":[{"start":{"line":167,"column":2},"end":{"line":170,"column":null}},{"start":{},"end":{}}],"line":167},"19":{"loc":{"start":{"line":173,"column":2},"end":{"line":176,"column":null}},"type":"if","locations":[{"start":{"line":173,"column":2},"end":{"line":176,"column":null}},{"start":{},"end":{}}],"line":173},"20":{"loc":{"start":{"line":180,"column":2},"end":{"line":183,"column":null}},"type":"if","locations":[{"start":{"line":180,"column":2},"end":{"line":183,"column":null}},{"start":{},"end":{}}],"line":180},"21":{"loc":{"start":{"line":190,"column":2},"end":{"line":200,"column":null}},"type":"if","locations":[{"start":{"line":190,"column":2},"end":{"line":200,"column":null}},{"start":{"line":192,"column":2},"end":{"line":200,"column":null}}],"line":190},"22":{"loc":{"start":{"line":192,"column":2},"end":{"line":200,"column":null}},"type":"if","locations":[{"start":{"line":192,"column":2},"end":{"line":200,"column":null}},{"start":{"line":194,"column":2},"end":{"line":200,"column":null}}],"line":192},"23":{"loc":{"start":{"line":194,"column":2},"end":{"line":200,"column":null}},"type":"if","locations":[{"start":{"line":194,"column":2},"end":{"line":200,"column":null}},{"start":{"line":196,"column":2},"end":{"line":200,"column":null}}],"line":194},"24":{"loc":{"start":{"line":196,"column":2},"end":{"line":200,"column":null}},"type":"if","locations":[{"start":{"line":196,"column":2},"end":{"line":200,"column":null}},{"start":{"line":198,"column":9},"end":{"line":200,"column":null}}],"line":196},"25":{"loc":{"start":{"line":204,"column":4},"end":{"line":209,"column":null}},"type":"binary-expr","locations":[{"start":{"line":204,"column":4},"end":{"line":204,"column":null}},{"start":{"line":205,"column":4},"end":{"line":205,"column":null}},{"start":{"line":206,"column":5},"end":{"line":206,"column":42}},{"start":{"line":206,"column":42},"end":{"line":206,"column":null}},{"start":{"line":207,"column":5},"end":{"line":207,"column":42}},{"start":{"line":207,"column":42},"end":{"line":207,"column":null}},{"start":{"line":208,"column":5},"end":{"line":208,"column":39}},{"start":{"line":208,"column":39},"end":{"line":208,"column":null}},{"start":{"line":209,"column":5},"end":{"line":209,"column":40}},{"start":{"line":209,"column":40},"end":{"line":209,"column":null}}],"line":204},"26":{"loc":{"start":{"line":214,"column":14},"end":{"line":214,"column":null}},"type":"cond-expr","locations":[{"start":{"line":214,"column":36},"end":{"line":214,"column":47}},{"start":{"line":214,"column":47},"end":{"line":214,"column":null}}],"line":214},"27":{"loc":{"start":{"line":238,"column":9},"end":{"line":238,"column":null}},"type":"binary-expr","locations":[{"start":{"line":238,"column":9},"end":{"line":238,"column":41}},{"start":{"line":238,"column":41},"end":{"line":238,"column":null}}],"line":238},"28":{"loc":{"start":{"line":249,"column":2},"end":{"line":251,"column":null}},"type":"if","locations":[{"start":{"line":249,"column":2},"end":{"line":251,"column":null}},{"start":{},"end":{}}],"line":249},"29":{"loc":{"start":{"line":249,"column":6},"end":{"line":249,"column":49}},"type":"binary-expr","locations":[{"start":{"line":249,"column":6},"end":{"line":249,"column":19}},{"start":{"line":249,"column":19},"end":{"line":249,"column":49}}],"line":249},"30":{"loc":{"start":{"line":263,"column":2},"end":{"line":265,"column":null}},"type":"if","locations":[{"start":{"line":263,"column":2},"end":{"line":265,"column":null}},{"start":{},"end":{}}],"line":263},"31":{"loc":{"start":{"line":263,"column":6},"end":{"line":263,"column":39}},"type":"binary-expr","locations":[{"start":{"line":263,"column":6},"end":{"line":263,"column":14}},{"start":{"line":263,"column":14},"end":{"line":263,"column":39}}],"line":263},"32":{"loc":{"start":{"line":269,"column":11},"end":{"line":269,"column":null}},"type":"binary-ex
[...]
ity":10,"b:104:2:111:Infinity:undefined:undefined:undefined:undefined":2,"s:104:2:111:Infinity":11,"s:105:4:110:Infinity":12,"s:114:17:114:Infinity":13,"b:115:2:126:Infinity:118:2:126:Infinity":3,"s:115:2:126:Infinity":14,"s:116:4:116:Infinity":15,"s:117:4:117:Infinity":16,"b:118:2:126:Infinity:120:2:126:Infinity":4,"s:118:2:126:Infinity":17,"b:118:13:118:52:118:52:118:65":5,"s:119:4:119:Infinity":18,"b:120:2:126:Infinity:123:9:126:Infinity":6,"s:120:2:126:Infinity":19,"b:120:13:120:29:120:29:120:42":7,"s:121:4:121:Infinity":20,"s:122:4:122:Infinity":21,"s:124:4:124:Infinity":22,"s:125:4:125:Infinity":23,"b:129:2:133:Infinity:131:2:133:Infinity":8,"s:129:2:133:Infinity":24,"s:130:4:130:Infinity":25,"b:131:2:133:Infinity:undefined:undefined:undefined:undefined":9,"s:131:2:133:Infinity":26,"s:132:4:132:Infinity":27,"b:136:2:140:Infinity:138:2:140:Infinity":10,"s:136:2:140:Infinity":28,"s:137:4:137:Infinity":29,"b:138:2:140:Infinity:undefined:undefined:undefined:undefined":11,"s:138:2:140:Infinity":30,"s:139:4:139:Infinity":31,"b:143:2:147:Infinity:145:2:147:Infinity":12,"s:143:2:147:Infinity":32,"s:144:4:144:Infinity":33,"b:145:2:147:Infinity:undefined:undefined:undefined:undefined":13,"s:145:2:147:Infinity":34,"s:146:4:146:Infinity":35,"b:150:2:154:Infinity:152:2:154:Infinity":14,"s:150:2:154:Infinity":36,"s:151:4:151:Infinity":37,"b:152:2:154:Infinity:undefined:undefined:undefined:undefined":15,"s:152:2:154:Infinity":38,"s:153:4:153:Infinity":39,"b:157:2:160:Infinity:undefined:undefined:undefined:undefined":16,"s:157:2:160:Infinity":40,"s:158:4:158:Infinity":41,"s:159:4:159:Infinity":42,"b:162:2:165:Infinity:undefined:undefined:undefined:undefined":17,"s:162:2:165:Infinity":43,"s:163:4:163:Infinity":44,"s:164:4:164:Infinity":45,"b:167:2:170:Infinity:undefined:undefined:undefined:undefined":18,"s:167:2:170:Infinity":46,"s:168:4:168:Infinity":47,"s:169:4:169:Infinity":48,"b:173:2:176:Infinity:undefined:undefined:undefined:undefined":19,"s:173:2:176:Infinity":49,"s:174:4:174:Infinity":50,"s:175:4:175:Infinity":51,"s:179:26:179:Infinity":52,"b:180:2:183:Infinity:undefined:undefined:undefined:undefined":20,"s:180:2:183:Infinity":53,"f:180:27:180:37":2,"s:180:37:180:76":54,"s:181:4:181:Infinity":55,"s:182:4:182:Infinity":56,"s:186:2:186:Infinity":57,"b:190:2:200:Infinity:192:2:200:Infinity":21,"s:190:2:200:Infinity":58,"s:191:4:191:Infinity":59,"b:192:2:200:Infinity:194:2:200:Infinity":22,"s:192:2:200:Infinity":60,"s:193:4:193:Infinity":61,"b:194:2:200:Infinity:196:2:200:Infinity":23,"s:194:2:200:Infinity":62,"s:195:4:195:Infinity":63,"b:196:2:200:Infinity:198:9:200:Infinity":24,"s:196:2:200:Infinity":64,"s:197:4:197:Infinity":65,"s:199:4:199:Infinity":66,"s:204:4:209:Infinity":67,"b:204:4:204:Infinity:205:4:205:Infinity:206:5:206:42:206:42:206:Infinity:207:5:207:42:207:42:207:Infinity:208:5:208:39:208:39:208:Infinity:209:5:209:40:209:40:209:Infinity":25,"s:211:2:216:Infinity":68,"b:214:36:214:47:214:47:214:Infinity":26,"f:225:16:225:32":3,"s:226:17:226:Infinity":69,"s:227:2:227:Infinity":70,"f:237:16:237:31":4,"s:238:2:238:Infinity":71,"b:238:9:238:41:238:41:238:Infinity":27,"f:248:16:248:32":5,"b:249:2:251:Infinity:undefined:undefined:undefined:undefined":28,"s:249:2:251:Infinity":72,"b:249:6:249:19:249:19:249:49":29,"s:250:4:250:Infinity":73,"s:253:2:253:Infinity":74,"f:262:16:262:27":6,"b:263:2:265:Infinity:undefined:undefined:undefined:undefined":30,"s:263:2:265:Infinity":75,"b:263:6:263:14:263:14:263:39":31,"s:264:4:264:Infinity":76,"s:267:2:272:Infinity":77,"s:268:22:268:Infinity":78,"s:269:4:269:Infinity":79,"b:269:11:269:45:269:45:269:Infinity":32,"s:271:4:271:Infinity":80,"f:282:16:282:29":7,"b:283:2:285:Infinity:undefined:undefined:undefined:undefined":33,"s:283:2:285:Infinity":81,"b:283:6:283:16:283:16:283:43":34,"s:284:4:284:Infinity":82,"s:288:18:288:Infinity":83,"s:291:2:291:Infinity":84}}}
,"D:\\code\\reactjs\\usermn1\\src\\services\\api\\apiClient.ts": {"path":"D:\\code\\reactjs\\usermn1\\src\\services\\api\\apiClient.ts","statementMap":{"0":{"start":{"line":9,"column":21},"end":{"line":9,"column":null}},"1":{"start":{"line":16,"column":19},"end":{"line":16,"column":null}},"2":{"start":{"line":20,"column":5},"end":{"line":20,"column":null}},"3":{"start":{"line":22,"column":21},"end":{"line":32,"column":null}},"4":{"start":{"line":23,"column":2},"end":{"line":29,"column":null}},"5":{"start":{"line":24,"column":4},"end":{"line":28,"column":null}},"6":{"start":{"line":25,"column":6},"end":{"line":25,"column":null}},"7":{"start":{"line":27,"column":6},"end":{"line":27,"column":null}},"8":{"start":{"line":31,"column":2},"end":{"line":31,"column":null}},"9":{"start":{"line":38,"column":14},"end":{"line":38,"column":null}},"10":{"start":{"line":38,"column":30},"end":{"line":38,"column":null}},"11":{"start":{"line":38,"column":55},"end":{"line":38,"column":78}},"12":{"start":{"line":40,"column":22},"end":{"line":43,"column":null}},"13":{"start":{"line":42,"column":2},"end":{"line":42,"column":null}},"14":{"start":{"line":49,"column":25},"end":{"line":56,"column":null}},"15":{"start":{"line":65,"column":0},"end":{"line":96,"column":null}},"16":{"start":{"line":68,"column":24},"end":{"line":68,"column":null}},"17":{"start":{"line":70,"column":4},"end":{"line":72,"column":null}},"18":{"start":{"line":71,"column":6},"end":{"line":71,"column":null}},"19":{"start":{"line":75,"column":23},"end":{"line":77,"column":null}},"20":{"start":{"line":79,"column":4},"end":{"line":84,"column":null}},"21":{"start":{"line":80,"column":24},"end":{"line":80,"column":null}},"22":{"start":{"line":81,"column":6},"end":{"line":83,"column":null}},"23":{"start":{"line":82,"column":8},"end":{"line":82,"column":null}},"24":{"start":{"line":87,"column":4},"end":{"line":89,"column":null}},"25":{"start":{"line":88,"column":6},"end":{"line":88,"column":null}},"26":{"start":{"line":91,"column":4},"end":{"line":91,"column":null}},"27":{"start":{"line":94,"column":4},"end":{"line":94,"column":null}},"28":{"start":{"line":107,"column":0},"end":{"line":224,"column":null}},"29":{"start":{"line":108,"column":16},"end":{"line":108,"column":null}},"30":{"start":{"line":110,"column":71},"end":{"line":110,"column":null}},"31":{"start":{"line":116,"column":4},"end":{"line":178,"column":null}},"32":{"start":{"line":117,"column":6},"end":{"line":131,"column":null}},"33":{"start":{"line":119,"column":8},"end":{"line":130,"column":null}},"34":{"start":{"line":120,"column":10},"end":{"line":120,"column":null}},"35":{"start":{"line":123,"column":12},"end":{"line":125,"column":null}},"36":{"start":{"line":124,"column":14},"end":{"line":124,"column":null}},"37":{"start":{"line":126,"column":12},"end":{"line":126,"column":null}},"38":{"start":{"line":129,"column":12},"end":{"line":129,"column":null}},"39":{"start":{"line":133,"column":6},"end":{"line":133,"column":null}},"40":{"start":{"line":134,"column":6},"end":{"line":134,"column":null}},"41":{"start":{"line":136,"column":6},"end":{"line":177,"column":null}},"42":{"start":{"line":137,"column":29},"end":{"line":137,"column":null}},"43":{"start":{"line":139,"column":8},"end":{"line":141,"column":null}},"44":{"start":{"line":140,"column":10},"end":{"line":140,"column":null}},"45":{"start":{"line":144,"column":25},"end":{"line":144,"column":null}},"46":{"start":{"line":147,"column":8},"end":{"line":152,"column":null}},"47":{"start":{"line":155,"column":8},"end":{"line":157,"column":null}},"48":{"start":{"line":156,"column":10},"end":{"line":156,"column":null}},"49":{"start":{"line":160,"column":8},"end":{"line":160,"column":null}},"50":{"start":{"line":163,"column":8},"end":{"line":163,"column":null}},"51":{"start":{"line":166,"column":8},"end":{"line":166,"column":null}},"52":{"start":{"line":167,"column":8},"end":{"line":167,"column":null}},"53":{"start":{"line":170,"column":8},"end":{"line":172,"column":null}},"54":{"start":{"line":171,"column":10},"end":{"line":171,"column":null}},"55":{"start":{"line":174,"column":8},"end":{"line":174,"column":null}},"56":{"start":{"line":176,"column":8},"end":{"line":176,"column":null}},"57":{"start":{"line":184,"column":4},"end":{"line":202,"column":null}},"58":{"start":{"line":185,"column":25},"end":{"line":185,"column":null}},"59":{"start":{"line":186,"column":25},"end":{"line":186,"column":null}},"60":{"start":{"line":188,"column":6},"end":{"line":201,"column":null}},"61":{"start":{"line":189,"column":24},"end":{"line":189,"column":null}},"62":{"start":{"line":191,"column":8},"end":{"line":191,"column":null}},"63":{"start":{"line":193,"column":8},"end":{"line":193,"column":null}},"64":{"start":{"line":196,"column":8},"end":{"line":198,"column":null}},"65":{"start":{"line":197,"column":10},"end":{"line":197,"column":null}},"66":{"start":{"line":200,"column":8},"end":{"line":200,"column":null}},"67":{"start":{"line":209,"column":6},"end":{"line":212,"column":null}},"68":{"start":{"line":214,"column":22},"end":{"line":214,"column":null}},"69":{"start":{"line":216,"column":4},"end":{"line":222,"column":null}}},"fnMap":{"0":{"name":"(anonymous_0)","decl":{"start":{"line":22,"column":21},"end":{"line":22,"column":22}},"loc":{"start":{"line":22,"column":70},"end":{"line":32,"column":null}},"line":22},"1":{"name":"(anonymous_1)","decl":{"start":{"line":23,"column":22},"end":{"line":23,"column":23}},"loc":{"start":{"line":23,"column":32},"end":{"line":29,"column":3}},"line":23},"2":{"name":"(anonymous_2)","decl":{"start":{"line":38,"column":14},"end":{"line":38,"column":15}},"loc":{"start":{"line":38,"column":30},"end":{"line":38,"column":null}},"line":38},"3":{"name":"(anonymous_3)","decl":{"start":{"line":38,"column":42},"end":{"line":38,"column":43}},"loc":{"start":{"line":38,"column":55},"end":{"line":38,"column":78}},"line":38},"4":{"name":"(anonymous_4)","decl":{"start":{"line":40,"column":22},"end":{"line":40,"column":23}},"loc":{"start":{"line":40,"column":54},"end":{"line":43,"column":null}},"line":40},"5":{"name":"(anonymous_5)","decl":{"start":{"line":66,"column":2},"end":{"line":66,"column":3}},"loc":{"start":{"line":66,"column":42},"end":{"line":92,"column":null}},"line":66},"6":{"name":"(anonymous_6)","decl":{"start":{"line":93,"column":2},"end":{"line":93,"column":3}},"loc":{"start":{"line":93,"column":13},"end":{"line":95,"column":null}},"line":93},"7":{"name":"(anonymous_7)","decl":{"start":{"line":108,"column":2},"end":{"line":108,"column":3}},"loc":{"start":{"line":108,"column":16},"end":{"line":108,"column":null}},"line":108},"8":{"name":"(anonymous_8)","decl":{"start":{"line":109,"column":2},"end":{"line":109,"column":9}},"loc":{"start":{"line":109,"column":19},"end":{"line":223,"column":null}},"line":109},"9":{"name":"(anonymous_9)","decl":{"start":{"line":119,"column":27},"end":{"line":119,"column":28}},"loc":{"start":{"line":119,"column":48},"end":{"line":121,"column":9}},"line":119},"10":{"name":"(anonymous_10)","decl":{"start":{"line":122,"column":16},"end":{"line":122,"column":17}},"loc":{"start":{"line":122,"column":27},"end":{"line":127,"column":11}},"line":122},"11":{"name":"(anonymous_11)","decl":{"start":{"line":128,"column":17},"end":{"line":128,"column":18}},"loc":{"start":{"line":128,"column":26},"end":{"line":130,"column":11}},"line":128}},"branchMap":{"0":{"loc":{"start":{"line":9,"column":21},"end":{"line":9,"column":null}},"type":"binary-expr","locations":[{"start":{"line":9,"column":21},"end":{"line":9,"column":58}},{"start":{"line":9,"column":58},"end":{"line":9,"column":null}}],"line":9},"1":{"loc":{"start":{"line":22,"column":38},"end":{"line":22,"column":70}},"type":"default-arg","locations":[{"start":{"line":22,"column":61},"end":{"line":22,"column":70}}],"line":22},"2":{"loc":{"start":{"line":24,"column":4},"end":{"line":28,"column":null}},"type":"if","locations":[{"start":{"line":24,"column":4},"end":{"line":28,"column":null}},{"start":{"line":26,"column":11},"end":{"line":28,"column":null}}],"line":24},"3":{"loc":{"start":{"line":70,"column":4},"end":{"line":72,"column":null}},"type":"if","locations":[{"start":{"line":70,"column":4},"end":{"line":72,"column":null}},{"start":{},"end":{}}],"line":70},"4":{"loc":{"start":{"line":76,"column":6},"end":{"line":76,"column":null}},"type":"binary-expr","locations":[{"start":{"line":76,"column":6},"end":{"line":76,"column":38}},{"start":{"line":76,"column":38},"end":{"line":76,"column":null}}],"line":76},"5":{"loc":{"start":{"line":79,"column":4},"end":{"line":84,"column":null}},"type":"if","locations":[{"start":{"line":79,"column":4},"end":{"line":84,"column":null}},{"start":{},"end":{}}],"line":79},"6":{"loc":{"start":{"line":81,"column":6},"end":{"line":83,"column":null}},"type":"if","locations":[{"start":{"line":81,"column":6},"end":{"line":83,"column":null}},{"start":{},"end":{}}],"line":81},"7":{"loc":{"start":{"line":87,"column":4},"end":{"line":89,"column":null}},"type":"if","locations":[{"start":{"line":87,"column":4},"end":{"line":89,"column":null}},{"start":{},"end":{}}],"line":87},"8":{"loc":{"start":{"line":116,"column":4},"end":{"line":178,"column":null}},"type":"if","locations":[{"start":{"line":116,"column":4},"end":{"line":178,"column":null}},{"start":{},"end":{}}],"line":116},"9":{"loc":{"start":{"line":116,"column":8},"end":{"line":116,"column":67}},"type":"binary-expr","locations":[{"start":{"line":116,"column":8},"end":{"line":116,"column":42}},{"start":{"line":116,"column":42},"end":{"line":116,"column":67}}],"line":116},"10":{"loc":{"start":{"line":117,"column":6},"end":{"line":131,"column":null}},"type":"if","locations":[{"start":{"line":117,"column":6},"end":{"line":131,"column":null}},{"start":{},"end":{}}],"line":117},"11":{"loc":{"start":{"line":123,"column":12},"end":{"line":125,"column":null}},"type":"if","locations":[{"start":{"line":123,"column":12},"end":{"line":125,"column":null}},{"start":{},"end":{}}],"line":123},"12":{"loc":{"start":{"line":139,"column":8},"end":{"line":141,"column":null}},"type":"if","locations":[{"start":{"line":139,"column":8},"end":{"line":141,"column":null}},{"start":{},"end":{}}],"line":139},"13":{"loc":{"start":{"line":155,"column":8},"end":{"line":157,"column":null}},"type":"if","locations":[{"start":{"line":155,"column":8},"end":{"line":157,"column":null}},{"start":{},"end":{}}],"line":155},"14":{"loc":{"start":{"line":170,"column":8},"end":{"line":172,"column":null}},"type":"if","locations":[{"start":{"line":170,"column":8},"end":{"line":172,"column":null}},{"start":{},"end":{}}],"line":170},"15":{"loc":{"start":{"line":184,"column":4},"end":{"line":202,"column":null}},"type":"if","locations":[{"start":{"line":184,"column":4},"end":{"line":202,"column":null}},{"start":{},"end":{}}],"line":184},"16":{"loc":{"start":{"line":184,"column":8},"end":{"line":184,"column":71}},"type":"binary-expr","locations":[{"start":{"line":184,"column":8},"end":{"line":184,"column":41}},{"start":{"line":184,"column":41},"end":{"line":184,"column":71}}],"line":184},"17":{"loc":{"start":{"line":185,"column":34},"end":{"line":185,"column":95}},"type":"binary-expr","locations":[{"start":{"line":185,"column":34},"end":{"line":185,"column":90}},{"start":{"line":185,"column":90},"end":{"line":185,"column":95}}],"line":185},"18":{"loc":{"start":{"line":188,"column":6},"end":{"line":201,"column":null}},"type":"if","locations":[{"start":{"line":188,"column":6},"end":{"line":201,"column":null}},{"start":{},"end":{}}],"line":188},"19":{"loc":{"start":{"line":196,"column":8},"end":{"line":198,"column":null}},"type":"if","locations":[{"start":{"line":196,"column":8},"end":{"line":198,"column":null}},{"start":{},"end":{}}],"line":196},"20":{"loc":{"start":{"line":209,"column":6},"end":{"line":212,"column":null}},"type":"binary-expr","locations":[{"start":{"line":209,"column":6},"end":{"line":209,"column":null}},{"start":{"line":210,"column":6},"end":{"line":210,"column":null}},{"start":{"line":211,"column":6},"end":{"line":211,"column":null}},{"start":{"line":212,"column":6},"end":{"line":212,"column":null}}],"line":209}},"s":{"0":2,"1":2,"2":2,"3":2,"4":0,"5":0,"6":0,"7":0,"8":0,"9":2,"10":0,"11":0,"12":2,"13":0,"14":2,"15":2,"16":0,"17":0,"18":0,"19":0,"20":0,"21":0,"22":0,"23":0,"24":0,"25":0,"26":0,"27":0,"28":2,"29":0,"30":0,"31":0,"32":0,"33":0,"34":0,"35":0,"36":0,"37":0,"38":0,"39":0,"40":0,"41":0,"42":0,"43":0,"44":0,"45":0,"46":0,"47":0,"48":0,"49":0,"50":0,"51":0,"52":0,"53":0,"54":0,"55":0,"56":0,"57":0,"58":0,"59":0,"60":0,"61":0,"62":0,"63":0,"64":0,"65":0,"66":0,"67":0,"68":0,"69":0},"f":{"0":0,"1":0,"2":0,"3":0,"4":0,"5":0,"6":0,"7":0,"8":0,"9":0,"10":0,"11":0},"b":{"0":[2,0],"1":[0],"2":[0,0],"3":[0,0],"4":[0,0],"5":[0,0],"6":[0,0],"7":[0,0],"8":[0,0],"9":[0,0],"10":[0,0],"11":[0,0],"12":[0,0],"13":[0,0],"14":[0,0],"15":[0,0],"16":[0,0],"17":[0,0],"18":[0,0],"19":[0,0],"20":[0,0,0,0]},"meta":{"lastBranch":21,"lastFunction":12,"lastStatement":70,"seen":{"s:9:21:9:Infinity":0,"b:9:21:9:58:9:58:9:Infinity":0,"s:16:19:16:Infinity":1,"s:20:5:20:Infinity":2,"s:22:21:32:Infinity":3,"f:22:21:22:22":0,"b:22:61:22:70":1,"s:23:2:29:Infinity":4,"f:23:22:23:23":1,"b:24:4:28:Infinity:26:11:28:Infinity":2,"s:24:4:28:Infinity":5,"s:25:6:25:Infinity":6,"s:27:6:27:Infinity":7,"s:31:2:31:Infinity":8,"s:38:14:38:Infinity":9,"f:38:14:38:15":2,"s:38:30:38:Infinity":10,"f:38:42:38:43":3,"s:38:55:38:78":11,"s:40:22:43:Infinity":12,"f:40:22:40:23":4,"s:42:2:42:Infinity":13,"s:49:25:56:Infinity":14,"s:65:0:96:Infinity":15,"f:66:2:66:3":5,"s:68:24:68:Infinity":16,"b:70:4:72:Infinity:undefined:undefined:undefined:undefined":3,"s:70:4:72:Infinity":17,"s:71:6:71:Infinity":18,"s:75:23:77:Infinity":19,"b:76:6:76:38:76:38:76:Infinity":4,"b:79:4:84:Infinity:undefined:undefined:undefined:undefined":5,"s:79:4:84:Infinity":20,"s:80:24:80:Infinity":21,"b:81:6:83:Infinity:undefined:undefined:undefined:undefined":6,"s:81:6:83:Infinity":22,"s:82:8:82:Infinity":23,"b:87:4:89:Infinity:undefined:undefined:undefined:undefined":7,"s:87:4:89:Infinity":24,"s:88:6:88:Infinity":25,"s:91:4:91:Infinity":26,"f:93:2:93:3":6,"s:94:4:94:Infinity":27,"s:107:0:224:Infinity":28,"f:108:2:108:3":7,"s:108:16:108:Infinity":29,"f:109:2:109:9":8,"s:110:71:110:Infinity":30,"b:116:4:178:Infinity:undefined:undefined:undefined:undefined":8,"s:116:4:178:Infinity":31,"b:116:8:116:42:116:42:116:67":9,"b:117:6:131:Infinity:undefined:undefined:undefined:undefined":10,"s:117:6:131:Infinity":32,"s:119:8:130:Infinity":33,"f:119:27:119:28":9,"s:120:10:120:Infinity":34,"f:122:16:122:17":10,"b:123:12:125:Infinity:undefined:undefined:undefined:undefined":11,"s:123:12:125:Infinity":35,"s:124:14:124:Infinity":36,"s:126:12:126:Infinity":37,"f:128:17:128:18":11,"s:129:12:129:Infinity":38,"s:133:6:133:Infinity":39,"s:134:6:134:Infinity":40,"s:136:6:177:Infinity":41,"s:137:29:137:Infinity":42,"b:139:8:141:Infinity:undefined:undefined:undefined:undefined":12,"s:139:8:141:Infinity":43,"s:140:10:140:Infinity":44,"s:144:25:144:Infinity":45,"s:147:8:152:Infinity":46,"b:155:8:157:Infinity:undefined:undefined:undefined:undefined":13,"s:155:8:157:Infinity":47,"s:156:10:156:Infinity":48,"s:160:8:160:Infinity":49,"s:163:8:163:Infinity":50,"s:166:8:166:Infinity":51,"s:167:8:167:Infinity":52,"b:170:8:172:Infinity:undefined:undefined:undefined:undefined":14,"s:170:8:172:Infinity":53,"s:171:10:171:Infinity":54,"s:174:8:174:Infinity":55,"s:176:8:176:Infinity":56,"b:184:4:202:Infinity:undefined:undefined:undefined:undefined":15,"s:184:4:202:Infinity":57,"b:184:8:184:41:184:41:184:71":16,"s:185:25:185:Infinity":58,"b:185:34:185:90:185:90:185:95":17,"s:186:25:186:Infinity":59,"b:188:6:201:Infinity:undefined:undefined:undefined:undefined":18,"s:188:6:201:Infinity":60,"s:189:24:189:Infinity":61,"s:191:8:191:Infinity":62,"s:193:8:193:Infinity":63,"b:196:8:198:Infinity:undefined:undefined:undefined:undefined":19,"s:196:8:198:Infinity":64,"s:197:10:197:Infinity":65,"s:200:8:200:Infinity":66,"s:209:6:212:Infinity":67,"b:209:6:209:Infinity:210:6:210:Infinity:211:6:211:Infinity:212:6:212:Infinity":20,"s:214:22:214:Infinity":68,"s:216:4:222:Infinity":69}}}
}
