TN:
SF:src\domains\auth\services\tokenService.ts
FN:26,(anonymous_0)
FN:37,(anonymous_1)
FN:46,(anonymous_2)
FN:58,(anonymous_3)
FN:69,(anonymous_4)
FN:76,(anonymous_5)
FN:83,(anonymous_6)
FN:93,(anonymous_7)
FN:104,(anonymous_8)
FN:111,(anonymous_9)
FN:125,(anonymous_10)
FN:132,(anonymous_11)
FN:139,(anonymous_12)
FN:146,(anonymous_13)
FN:153,(anonymous_14)
FNF:15
FNH:15
FNDA:2,(anonymous_0)
FNDA:2,(anonymous_1)
FNDA:3,(anonymous_2)
FNDA:5,(anonymous_3)
FNDA:6,(anonymous_4)
FNDA:4,(anonymous_5)
FNDA:22,(anonymous_6)
FNDA:5,(anonymous_7)
FNDA:5,(anonymous_8)
FNDA:6,(anonymous_9)
FNDA:4,(anonymous_10)
FNDA:4,(anonymous_11)
FNDA:2,(anonymous_12)
FNDA:2,(anonymous_13)
FNDA:8,(anonymous_14)
DA:15,2
DA:16,2
DA:17,2
DA:18,2
DA:19,2
DA:20,2
DA:26,2
DA:27,2
DA:30,1
DA:37,2
DA:38,2
DA:39,1
DA:46,2
DA:47,3
DA:48,2
DA:58,2
DA:59,5
DA:61,5
DA:62,5
DA:63,5
DA:69,2
DA:70,6
DA:76,2
DA:77,4
DA:83,2
DA:84,22
DA:85,22
DA:87,18
DA:93,2
DA:94,5
DA:95,5
DA:96,5
DA:97,5
DA:98,5
DA:104,2
DA:105,5
DA:111,2
DA:112,6
DA:113,6
DA:115,4
DA:116,4
DA:118,2
DA:125,2
DA:126,4
DA:132,2
DA:133,4
DA:139,2
DA:140,2
DA:146,2
DA:147,2
DA:153,2
DA:154,8
DA:155,8
DA:157,6
DA:158,6
DA:162,2
LF:56
LH:56
BRDA:85,0,0,4
BRDA:85,0,1,18
BRDA:113,1,0,2
BRDA:113,1,1,4
BRDA:155,2,0,2
BRDA:155,2,1,6
BRF:6
BRH:6
end_of_record
TN:
SF:src\domains\auth\utils\errorMessages.ts
FN:97,formatErrorMessage
FN:168,formatValidationErrors
FN:179,(anonymous_2)
FN:182,(anonymous_3)
FN:197,isNetworkError
FN:217,isAuthError
FN:238,getErrorSeverity
FNF:7
FNH:7
FNDA:35,formatErrorMessage
FNDA:8,formatValidationErrors
FNDA:16,(anonymous_2)
FNDA:5,(anonymous_3)
FNDA:10,isNetworkError
FNDA:24,isAuthError
FNDA:21,getErrorSeverity
DA:9,1
DA:70,1
DA:99,35
DA:100,3
DA:104,32
DA:105,1
DA:109,31
DA:110,2
DA:114,29
DA:115,29
DA:124,29
DA:125,9
DA:129,20
DA:130,1
DA:134,19
DA:135,3
DA:139,16
DA:140,1
DA:144,15
DA:145,10
DA:149,5
DA:171,8
DA:173,8
DA:174,16
DA:179,16
DA:181,16
DA:182,5
DA:184,14
DA:188,8
DA:198,10
DA:199,7
DA:200,7
DA:208,3
DA:218,24
DA:219,21
DA:220,21
DA:229,3
DA:241,21
DA:242,18
DA:245,18
DA:250,4
DA:254,14
DA:259,4
DA:263,10
DA:264,5
DA:268,8
LF:46
LH:46
BRDA:99,0,0,3
BRDA:99,0,1,32
BRDA:104,1,0,1
BRDA:104,1,1,31
BRDA:109,2,0,2
BRDA:109,2,1,29
BRDA:110,3,0,2
BRDA:110,3,1,1
BRDA:114,4,0,29
BRDA:114,4,1,0
BRDA:124,5,0,9
BRDA:124,5,1,20
BRDA:124,6,0,29
BRDA:124,6,1,12
BRDA:129,7,0,1
BRDA:129,7,1,19
BRDA:129,8,0,20
BRDA:129,8,1,2
BRDA:134,9,0,3
BRDA:134,9,1,16
BRDA:139,10,0,1
BRDA:139,10,1,15
BRDA:139,11,0,16
BRDA:139,11,1,2
BRDA:144,12,0,10
BRDA:144,12,1,5
BRDA:144,13,0,15
BRDA:144,13,1,11
BRDA:181,14,0,2
BRDA:181,14,1,14
BRDA:198,15,0,7
BRDA:198,15,1,3
BRDA:198,16,0,10
BRDA:198,16,1,8
BRDA:201,17,0,7
BRDA:201,17,1,6
BRDA:201,17,2,5
BRDA:201,17,3,4
BRDA:201,17,4,2
BRDA:218,18,0,21
BRDA:218,18,1,3
BRDA:218,19,0,24
BRDA:218,19,1,22
BRDA:221,20,0,21
BRDA:221,20,1,18
BRDA:221,20,2,16
BRDA:221,20,3,14
BRDA:221,20,4,12
BRDA:221,20,5,10
BRDA:241,21,0,18
BRDA:241,21,1,3
BRDA:241,22,0,21
BRDA:241,22,1,19
BRDA:245,23,0,4
BRDA:245,23,1,14
BRDA:246,24,0,18
BRDA:246,24,1,16
BRDA:246,24,2,15
BRDA:254,25,0,4
BRDA:254,25,1,10
BRDA:255,26,0,14
BRDA:255,26,1,13
BRDA:255,26,2,11
BRDA:263,27,0,5
BRDA:263,27,1,5
BRF:65
BRH:64
end_of_record
TN:
SF:src\domains\auth\utils\sessionUtils.ts
FN:34,updateLastActivity
FN:43,getLastActivity
FN:62,isSessionIdle
FN:80,isRememberMeEnabled
FN:90,setRememberMe
FN:102,clearSession
FN:104,(anonymous_6)
FN:112,getSessionTimeout
FN:124,isSessionExpired
FN:133,getSessionTimeRemaining
FN:159,formatTimeRemaining
FN:193,initActivityTracking
FN:194,(anonymous_12)
FN:199,(anonymous_13)
FN:207,(anonymous_14)
FN:208,(anonymous_15)
FN:228,checkSessionHealth
FN:281,migrateSessionKey
FNF:18
FNH:18
FNDA:10,updateLastActivity
FNDA:19,getLastActivity
FNDA:15,isSessionIdle
FNDA:8,isRememberMeEnabled
FNDA:5,setRememberMe
FNDA:3,clearSession
FNDA:21,(anonymous_6)
FNDA:3,getSessionTimeout
FNDA:13,isSessionExpired
FNDA:12,getSessionTimeRemaining
FNDA:21,formatTimeRemaining
FNDA:5,initActivityTracking
FNDA:2,(anonymous_12)
FNDA:25,(anonymous_13)
FNDA:5,(anonymous_14)
FNDA:25,(anonymous_15)
FNDA:7,checkSessionHealth
FNDA:5,migrateSessionKey
DA:11,1
DA:24,1
DA:35,10
DA:44,19
DA:45,19
DA:63,15
DA:65,15
DA:66,5
DA:69,10
DA:70,10
DA:72,10
DA:81,8
DA:82,8
DA:91,5
DA:92,3
DA:94,2
DA:103,3
DA:104,21
DA:113,3
DA:125,13
DA:134,12
DA:136,12
DA:137,2
DA:140,10
DA:141,10
DA:142,10
DA:144,10
DA:160,21
DA:161,2
DA:164,19
DA:165,19
DA:166,19
DA:167,19
DA:169,19
DA:170,5
DA:171,14
DA:172,5
DA:173,9
DA:174,5
DA:176,4
DA:194,5
DA:197,5
DA:199,5
DA:200,25
DA:204,5
DA:207,5
DA:208,5
DA:209,25
DA:234,7
DA:235,7
DA:236,7
DA:239,7
DA:240,7
DA:242,7
DA:243,2
DA:246,7
DA:247,2
DA:251,7
DA:252,3
DA:256,7
DA:257,1
DA:261,7
DA:262,7
DA:263,3
DA:266,7
DA:282,5
DA:284,5
DA:285,3
DA:286,3
LF:69
LH:69
BRDA:45,0,0,13
BRDA:45,0,1,6
BRDA:62,1,0,15
BRDA:65,2,0,5
BRDA:65,2,1,10
BRDA:91,3,0,3
BRDA:91,3,1,2
BRDA:113,4,0,1
BRDA:113,4,1,2
BRDA:136,5,0,2
BRDA:136,5,1,10
BRDA:160,6,0,2
BRDA:160,6,1,19
BRDA:169,7,0,5
BRDA:169,7,1,14
BRDA:170,8,0,2
BRDA:170,8,1,3
BRDA:171,9,0,5
BRDA:171,9,1,9
BRDA:172,10,0,2
BRDA:172,10,1,3
BRDA:173,11,0,5
BRDA:173,11,1,4
BRDA:174,12,0,2
BRDA:174,12,1,3
BRDA:176,13,0,2
BRDA:176,13,1,2
BRDA:242,14,0,2
BRDA:242,14,1,5
BRDA:246,15,0,2
BRDA:246,15,1,5
BRDA:251,16,0,3
BRDA:251,16,1,4
BRDA:256,17,0,1
BRDA:256,17,1,6
BRDA:262,18,0,3
BRDA:262,18,1,4
BRDA:284,19,0,3
BRDA:284,19,1,2
BRF:39
BRH:39
end_of_record
TN:
SF:src\domains\auth\utils\tokenUtils.ts
FN:12,base64UrlDecode
FN:43,decodeToken
FN:83,isTokenExpired
FN:115,getTokenExpiration
FN:141,getTokenTimeRemaining
FN:164,getUserIdFromToken
FN:179,getEmailFromToken
FN:194,getRolesFromToken
FN:217,hasRole
FN:229,hasAnyRole
FN:231,(anonymous_10)
FN:241,hasAllRoles
FN:243,(anonymous_12)
FN:253,isValidTokenStructure
FN:277,getTokenIssuedAt
FN:297,getTokenAge
FNF:16
FNH:16
FNDA:56,base64UrlDecode
FNDA:78,decodeToken
FNDA:13,isTokenExpired
FNDA:6,getTokenExpiration
FNDA:7,getTokenTimeRemaining
FNDA:6,getUserIdFromToken
FNDA:6,getEmailFromToken
FNDA:31,getRolesFromToken
FNDA:10,hasRole
FNDA:7,hasAnyRole
FNDA:9,(anonymous_10)
FNDA:8,hasAllRoles
FNDA:11,(anonymous_12)
FNDA:9,isValidTokenStructure
FNDA:6,getTokenIssuedAt
FNDA:6,getTokenAge
DA:14,56
DA:17,56
DA:18,87
DA:21,56
DA:22,56
DA:24,2
DA:44,78
DA:45,12
DA:48,66
DA:50,66
DA:51,13
DA:54,53
DA:55,53
DA:56,53
DA:58,53
DA:66,2
DA:87,13
DA:88,13
DA:90,13
DA:91,1
DA:94,10
DA:95,10
DA:97,10
DA:99,2
DA:116,6
DA:117,6
DA:119,6
DA:120,1
DA:123,3
DA:125,2
DA:142,7
DA:143,7
DA:145,7
DA:146,1
DA:149,4
DA:150,4
DA:152,4
DA:154,2
DA:165,6
DA:166,6
DA:167,6
DA:169,2
DA:180,6
DA:181,6
DA:182,6
DA:184,2
DA:195,31
DA:196,31
DA:197,31
DA:199,5
DA:218,10
DA:219,10
DA:230,7
DA:231,9
DA:242,8
DA:243,11
DA:254,9
DA:255,4
DA:258,5
DA:259,5
DA:260,2
DA:263,3
DA:264,3
DA:265,3
DA:267,1
DA:278,6
DA:279,6
DA:281,6
DA:282,1
DA:285,3
DA:287,2
DA:298,6
DA:299,6
DA:301,6
DA:302,1
DA:305,3
DA:306,3
DA:308,2
LF:78
LH:78
BRDA:44,0,0,12
BRDA:44,0,1,66
BRDA:44,1,0,78
BRDA:44,1,1,67
BRDA:50,2,0,13
BRDA:50,2,1,53
BRDA:59,3,0,53
BRDA:59,3,1,2
BRDA:60,4,0,78
BRDA:60,4,1,2
BRDA:61,5,0,78
BRDA:61,5,1,0
BRDA:62,6,0,78
BRDA:62,6,1,3
BRDA:63,7,0,78
BRDA:63,7,1,2
BRDA:66,8,0,2
BRDA:66,8,1,0
BRDA:85,9,0,13
BRDA:88,10,0,11
BRDA:88,10,1,2
BRDA:90,11,0,1
BRDA:90,11,1,12
BRDA:117,12,0,5
BRDA:117,12,1,1
BRDA:119,13,0,1
BRDA:119,13,1,5
BRDA:143,14,0,6
BRDA:143,14,1,1
BRDA:145,15,0,1
BRDA:145,15,1,6
BRDA:166,16,0,5
BRDA:166,16,1,1
BRDA:167,17,0,6
BRDA:167,17,1,1
BRDA:181,18,0,5
BRDA:181,18,1,1
BRDA:182,19,0,6
BRDA:182,19,1,1
BRDA:196,20,0,25
BRDA:196,20,1,6
BRDA:197,21,0,31
BRDA:197,21,1,0
BRDA:254,22,0,4
BRDA:254,22,1,5
BRDA:254,23,0,9
BRDA:254,23,1,6
BRDA:259,24,0,2
BRDA:259,24,1,3
BRDA:279,25,0,5
BRDA:279,25,1,1
BRDA:281,26,0,1
BRDA:281,26,1,5
BRDA:299,27,0,5
BRDA:299,27,1,1
BRDA:301,28,0,1
BRDA:301,28,1,5
BRF:57
BRH:54
end_of_record
TN:
SF:src\domains\auth\utils\validation.ts
FN:78,isValidEmail
FN:100,calculatePasswordStrength
FN:180,(anonymous_2)
FN:225,isValidPassword
FN:237,passwordsMatch
FN:248,isValidUsername
FN:262,isValidUrl
FN:282,isValidPhone
FNF:8
FNH:7
FNDA:7,isValidEmail
FNDA:22,calculatePasswordStrength
FNDA:67,(anonymous_2)
FNDA:12,isValidPassword
FNDA:0,passwordsMatch
FNDA:15,isValidUsername
FNDA:18,isValidUrl
FNDA:13,isValidPhone
DA:10,1
DA:17,1
DA:24,1
DA:29,1
DA:41,1
DA:46,1
DA:79,7
DA:80,3
DA:83,4
DA:101,22
DA:102,22
DA:104,22
DA:105,2
DA:114,20
DA:115,20
DA:116,4
DA:117,4
DA:118,16
DA:119,8
DA:120,8
DA:121,7
DA:122,7
DA:124,1
DA:125,1
DA:129,20
DA:130,16
DA:131,4
DA:132,4
DA:136,20
DA:137,19
DA:138,1
DA:139,1
DA:143,20
DA:144,16
DA:145,4
DA:146,4
DA:150,20
DA:151,14
DA:152,6
DA:153,6
DA:157,20
DA:158,0
DA:159,0
DA:162,20
DA:163,0
DA:164,0
DA:167,20
DA:168,2
DA:169,2
DA:173,20
DA:174,9
DA:175,9
DA:179,20
DA:180,67
DA:181,9
DA:182,9
DA:186,20
DA:190,20
DA:191,2
DA:192,18
DA:193,8
DA:194,10
DA:195,2
DA:196,8
DA:197,7
DA:199,1
DA:204,20
DA:211,22
DA:226,12
DA:227,12
DA:238,0
DA:249,15
DA:250,1
DA:253,14
DA:263,18
DA:264,3
DA:267,15
DA:268,15
DA:269,15
DA:271,3
DA:283,13
DA:284,3
DA:288,10
DA:291,10
LF:84
LH:79
BRDA:79,0,0,3
BRDA:79,0,1,4
BRDA:79,1,0,7
BRDA:79,1,1,4
BRDA:104,2,0,2
BRDA:104,2,1,20
BRDA:115,3,0,4
BRDA:115,3,1,16
BRDA:118,4,0,8
BRDA:118,4,1,8
BRDA:118,5,0,16
BRDA:118,5,1,16
BRDA:120,6,0,7
BRDA:120,6,1,1
BRDA:120,7,0,8
BRDA:120,7,1,8
BRDA:129,8,0,16
BRDA:129,8,1,4
BRDA:131,9,0,4
BRDA:131,9,1,0
BRDA:136,10,0,19
BRDA:136,10,1,1
BRDA:138,11,0,1
BRDA:138,11,1,0
BRDA:143,12,0,16
BRDA:143,12,1,4
BRDA:145,13,0,4
BRDA:145,13,1,0
BRDA:150,14,0,14
BRDA:150,14,1,6
BRDA:152,15,0,6
BRDA:152,15,1,0
BRDA:157,16,0,0
BRDA:157,16,1,20
BRDA:162,17,0,0
BRDA:162,17,1,20
BRDA:167,18,0,2
BRDA:167,18,1,18
BRDA:173,19,0,9
BRDA:173,19,1,11
BRDA:180,20,0,9
BRDA:180,20,1,11
BRDA:190,21,0,2
BRDA:190,21,1,18
BRDA:192,22,0,8
BRDA:192,22,1,10
BRDA:194,23,0,2
BRDA:194,23,1,8
BRDA:196,24,0,7
BRDA:196,24,1,1
BRDA:204,25,0,20
BRDA:204,25,1,16
BRDA:204,25,2,16
BRDA:204,25,3,16
BRDA:204,25,4,14
BRDA:204,25,5,14
BRDA:204,25,6,13
BRDA:204,25,7,13
BRDA:204,25,8,11
BRDA:204,25,9,11
BRDA:214,26,0,18
BRDA:214,26,1,2
BRDA:238,27,0,0
BRDA:238,27,1,0
BRDA:249,28,0,1
BRDA:249,28,1,14
BRDA:249,29,0,15
BRDA:249,29,1,14
BRDA:263,30,0,3
BRDA:263,30,1,15
BRDA:263,31,0,18
BRDA:263,31,1,15
BRDA:269,32,0,15
BRDA:269,32,1,11
BRDA:283,33,0,3
BRDA:283,33,1,10
BRDA:283,34,0,13
BRDA:283,34,1,10
BRF:78
BRH:70
end_of_record
TN:
SF:src\services\api\apiClient.ts
FN:22,(anonymous_0)
FN:23,(anonymous_1)
FN:38,(anonymous_2)
FN:38,(anonymous_3)
FN:40,(anonymous_4)
FN:66,(anonymous_5)
FN:93,(anonymous_6)
FN:108,(anonymous_7)
FN:109,(anonymous_8)
FN:119,(anonymous_9)
FN:122,(anonymous_10)
FN:128,(anonymous_11)
FNF:12
FNH:0
FNDA:0,(anonymous_0)
FNDA:0,(anonymous_1)
FNDA:0,(anonymous_2)
FNDA:0,(anonymous_3)
FNDA:0,(anonymous_4)
FNDA:0,(anonymous_5)
FNDA:0,(anonymous_6)
FNDA:0,(anonymous_7)
FNDA:0,(anonymous_8)
FNDA:0,(anonymous_9)
FNDA:0,(anonymous_10)
FNDA:0,(anonymous_11)
DA:9,2
DA:16,2
DA:20,2
DA:22,2
DA:23,0
DA:24,0
DA:25,0
DA:27,0
DA:31,0
DA:38,2
DA:40,2
DA:42,0
DA:49,2
DA:65,2
DA:68,0
DA:70,0
DA:71,0
DA:75,0
DA:79,0
DA:80,0
DA:81,0
DA:82,0
DA:87,0
DA:88,0
DA:91,0
DA:94,0
DA:107,2
DA:108,0
DA:110,0
DA:116,0
DA:117,0
DA:119,0
DA:120,0
DA:123,0
DA:124,0
DA:126,0
DA:129,0
DA:133,0
DA:134,0
DA:136,0
DA:137,0
DA:139,0
DA:140,0
DA:144,0
DA:147,0
DA:155,0
DA:156,0
DA:160,0
DA:163,0
DA:166,0
DA:167,0
DA:170,0
DA:171,0
DA:174,0
DA:176,0
DA:184,0
DA:185,0
DA:186,0
DA:188,0
DA:189,0
DA:191,0
DA:193,0
DA:196,0
DA:197,0
DA:200,0
DA:209,0
DA:214,0
DA:216,0
LF:68
LH:9
BRDA:9,0,0,2
BRDA:9,0,1,0
BRDA:22,1,0,0
BRDA:24,2,0,0
BRDA:24,2,1,0
BRDA:70,3,0,0
BRDA:70,3,1,0
BRDA:76,4,0,0
BRDA:76,4,1,0
BRDA:79,5,0,0
BRDA:79,5,1,0
BRDA:81,6,0,0
BRDA:81,6,1,0
BRDA:87,7,0,0
BRDA:87,7,1,0
BRDA:116,8,0,0
BRDA:116,8,1,0
BRDA:116,9,0,0
BRDA:116,9,1,0
BRDA:117,10,0,0
BRDA:117,10,1,0
BRDA:123,11,0,0
BRDA:123,11,1,0
BRDA:139,12,0,0
BRDA:139,12,1,0
BRDA:155,13,0,0
BRDA:155,13,1,0
BRDA:170,14,0,0
BRDA:170,14,1,0
BRDA:184,15,0,0
BRDA:184,15,1,0
BRDA:184,16,0,0
BRDA:184,16,1,0
BRDA:185,17,0,0
BRDA:185,17,1,0
BRDA:188,18,0,0
BRDA:188,18,1,0
BRDA:196,19,0,0
BRDA:196,19,1,0
BRDA:209,20,0,0
BRDA:209,20,1,0
BRDA:209,20,2,0
BRDA:209,20,3,0
BRF:43
BRH:1
end_of_record
